INFO 2025-11-16 19:32:01,423 autoreload Watching for file changes with StatReloader
INFO 2025-11-16 20:03:04,883 autoreload Watching for file changes with StatReloader
INFO 2025-11-16 20:03:07,029 basehttp "GET / HTTP/1.1" 200 3187
INFO 2025-11-16 20:03:11,916 basehttp "GET /accounts/google/login/ HTTP/1.1" 200 1412
INFO 2025-11-16 20:03:14,248 basehttp "GET /accounts/login/ HTTP/1.1" 200 2564
INFO 2025-11-16 20:03:19,624 basehttp "GET /accounts/google/login/?process=login HTTP/1.1" 200 1412
INFO 2025-11-16 20:03:21,544 basehttp "POST /accounts/google/login/?process=login HTTP/1.1" 302 0
INFO 2025-11-16 20:03:27,664 basehttp "GET /accounts/login/ HTTP/1.1" 200 2564
INFO 2025-11-16 20:04:26,200 basehttp "GET /accounts/google/login/ HTTP/1.1" 200 1412
INFO 2025-11-16 20:04:31,176 basehttp "POST /accounts/google/login/ HTTP/1.1" 302 0
INFO 2025-11-16 20:06:45,716 basehttp "GET /accounts/google/login/ HTTP/1.1" 200 1412
INFO 2025-11-16 20:06:46,670 basehttp "GET /accounts/google/login/ HTTP/1.1" 200 1412
INFO 2025-11-16 20:06:47,761 basehttp "POST /accounts/google/login/ HTTP/1.1" 302 0
INFO 2025-11-16 20:07:14,079 basehttp "GET /accounts/google/login/callback/?state=vsz7nWdX2fMTGPiR&code=4/0Ab32j93n1OMTbHQGd0Yj1yQIvdHctwxY59uv9dO_O_fMdzHikacJQgm1m2ehTy20wVsxiw&scope=email%20profile%20https://www.googleapis.com/auth/userinfo.profile%20https://www.googleapis.com/auth/userinfo.email%20openid%20https://www.googleapis.com/auth/calendar&authuser=0&prompt=consent HTTP/1.1" 302 0
WARNING 2025-11-16 20:07:14,130 log Not Found: /accounts/profile/
WARNING 2025-11-16 20:07:14,131 basehttp "GET /accounts/profile/ HTTP/1.1" 404 12106
INFO 2025-11-16 21:51:02,007 autoreload Watching for file changes with StatReloader
INFO 2025-11-16 21:51:04,233 basehttp "GET / HTTP/1.1" 200 3660
WARNING 2025-11-16 21:51:04,434 log Not Found: /favicon.ico
WARNING 2025-11-16 21:51:04,435 basehttp "GET /favicon.ico HTTP/1.1" 404 4682
ERROR 2025-11-16 21:51:08,738 log Internal Server Error: /api/professors/
Traceback (most recent call last):
  File "D:\User\Von\Documents\Codes\IMPORTANT_DO_THIS_NOW\cc6-group-project\venv\Lib\site-packages\django\core\handlers\exception.py", line 55, in inner
    response = get_response(request)
  File "D:\User\Von\Documents\Codes\IMPORTANT_DO_THIS_NOW\cc6-group-project\venv\Lib\site-packages\django\core\handlers\base.py", line 220, in _get_response
    response = response.render()
  File "D:\User\Von\Documents\Codes\IMPORTANT_DO_THIS_NOW\cc6-group-project\venv\Lib\site-packages\django\template\response.py", line 114, in render
    self.content = self.rendered_content
                   ^^^^^^^^^^^^^^^^^^^^^
  File "D:\User\Von\Documents\Codes\IMPORTANT_DO_THIS_NOW\cc6-group-project\venv\Lib\site-packages\rest_framework\response.py", line 74, in rendered_content
    ret = renderer.render(self.data, accepted_media_type, context)
  File "D:\User\Von\Documents\Codes\IMPORTANT_DO_THIS_NOW\cc6-group-project\venv\Lib\site-packages\rest_framework\renderers.py", line 731, in render
    context = self.get_context(data, accepted_media_type, renderer_context)
  File "D:\User\Von\Documents\Codes\IMPORTANT_DO_THIS_NOW\cc6-group-project\venv\Lib\site-packages\rest_framework\renderers.py", line 709, in get_context
    'filter_form': self.get_filter_form(data, view, request),
                   ~~~~~~~~~~~~~~~~~~~~^^^^^^^^^^^^^^^^^^^^^
  File "D:\User\Von\Documents\Codes\IMPORTANT_DO_THIS_NOW\cc6-group-project\venv\Lib\site-packages\rest_framework\renderers.py", line 641, in get_filter_form
    html = backend().to_html(request, queryset, view)
  File "D:\User\Von\Documents\Codes\IMPORTANT_DO_THIS_NOW\cc6-group-project\venv\Lib\site-packages\django_filters\rest_framework\backends.py", line 81, in to_html
    template = loader.get_template(self.template)
  File "D:\User\Von\Documents\Codes\IMPORTANT_DO_THIS_NOW\cc6-group-project\venv\Lib\site-packages\django\template\loader.py", line 19, in get_template
    raise TemplateDoesNotExist(template_name, chain=chain)
django.template.exceptions.TemplateDoesNotExist: django_filters/rest_framework/form.html
ERROR 2025-11-16 21:51:08,743 basehttp "GET /api/professors/ HTTP/1.1" 500 116638
ERROR 2025-11-16 21:51:14,314 log Internal Server Error: /api/consultations/
Traceback (most recent call last):
  File "D:\User\Von\Documents\Codes\IMPORTANT_DO_THIS_NOW\cc6-group-project\venv\Lib\site-packages\django\core\handlers\exception.py", line 55, in inner
    response = get_response(request)
  File "D:\User\Von\Documents\Codes\IMPORTANT_DO_THIS_NOW\cc6-group-project\venv\Lib\site-packages\django\core\handlers\base.py", line 220, in _get_response
    response = response.render()
  File "D:\User\Von\Documents\Codes\IMPORTANT_DO_THIS_NOW\cc6-group-project\venv\Lib\site-packages\django\template\response.py", line 114, in render
    self.content = self.rendered_content
                   ^^^^^^^^^^^^^^^^^^^^^
  File "D:\User\Von\Documents\Codes\IMPORTANT_DO_THIS_NOW\cc6-group-project\venv\Lib\site-packages\rest_framework\response.py", line 74, in rendered_content
    ret = renderer.render(self.data, accepted_media_type, context)
  File "D:\User\Von\Documents\Codes\IMPORTANT_DO_THIS_NOW\cc6-group-project\venv\Lib\site-packages\rest_framework\renderers.py", line 731, in render
    context = self.get_context(data, accepted_media_type, renderer_context)
  File "D:\User\Von\Documents\Codes\IMPORTANT_DO_THIS_NOW\cc6-group-project\venv\Lib\site-packages\rest_framework\renderers.py", line 709, in get_context
    'filter_form': self.get_filter_form(data, view, request),
                   ~~~~~~~~~~~~~~~~~~~~^^^^^^^^^^^^^^^^^^^^^
  File "D:\User\Von\Documents\Codes\IMPORTANT_DO_THIS_NOW\cc6-group-project\venv\Lib\site-packages\rest_framework\renderers.py", line 641, in get_filter_form
    html = backend().to_html(request, queryset, view)
  File "D:\User\Von\Documents\Codes\IMPORTANT_DO_THIS_NOW\cc6-group-project\venv\Lib\site-packages\django_filters\rest_framework\backends.py", line 81, in to_html
    template = loader.get_template(self.template)
  File "D:\User\Von\Documents\Codes\IMPORTANT_DO_THIS_NOW\cc6-group-project\venv\Lib\site-packages\django\template\loader.py", line 19, in get_template
    raise TemplateDoesNotExist(template_name, chain=chain)
django.template.exceptions.TemplateDoesNotExist: django_filters/rest_framework/form.html
ERROR 2025-11-16 21:51:14,318 basehttp "GET /api/consultations/ HTTP/1.1" 500 116668
INFO 2025-11-16 21:51:17,886 basehttp "GET /api/auth/user/ HTTP/1.1" 200 10676
INFO 2025-11-16 21:51:17,912 basehttp "GET /static/rest_framework/css/bootstrap-tweaks.css HTTP/1.1" 304 0
INFO 2025-11-16 21:51:17,913 basehttp "GET /static/rest_framework/css/bootstrap.min.css HTTP/1.1" 304 0
INFO 2025-11-16 21:51:17,914 basehttp "GET /static/rest_framework/css/prettify.css HTTP/1.1" 304 0
INFO 2025-11-16 21:51:17,915 basehttp "GET /static/rest_framework/css/default.css HTTP/1.1" 304 0
INFO 2025-11-16 21:51:17,916 basehttp "GET /static/rest_framework/js/jquery-3.7.1.min.js HTTP/1.1" 304 0
INFO 2025-11-16 21:51:17,917 basehttp "GET /static/rest_framework/js/ajax-form.js HTTP/1.1" 304 0
INFO 2025-11-16 21:51:17,919 basehttp "GET /static/rest_framework/js/bootstrap.min.js HTTP/1.1" 304 0
INFO 2025-11-16 21:51:17,920 basehttp "GET /static/rest_framework/js/csrf.js HTTP/1.1" 304 0
INFO 2025-11-16 21:51:17,920 basehttp "GET /static/rest_framework/js/prettify-min.js HTTP/1.1" 304 0
INFO 2025-11-16 21:51:17,921 basehttp "GET /static/rest_framework/js/load-ajax-form.js HTTP/1.1" 304 0
INFO 2025-11-16 21:51:17,921 basehttp "GET /static/rest_framework/js/default.js HTTP/1.1" 304 0
INFO 2025-11-16 21:51:17,939 basehttp "GET /static/rest_framework/img/grid.png HTTP/1.1" 304 0
INFO 2025-11-16 22:02:46,265 basehttp "GET / HTTP/1.1" 200 3660
INFO 2025-11-23 22:24:40,161 autoreload Watching for file changes with StatReloader
INFO 2025-11-23 22:24:48,669 basehttp "GET / HTTP/1.1" 200 7059
INFO 2025-11-23 22:24:49,006 basehttp "GET /static/css/custom.css HTTP/1.1" 200 3731
INFO 2025-11-23 22:24:49,013 basehttp "GET /static/css/bootstrap.min.css HTTP/1.1" 200 223516
WARNING 2025-11-23 22:24:49,548 log Not Found: /favicon.ico
WARNING 2025-11-23 22:24:49,548 basehttp "GET /favicon.ico HTTP/1.1" 404 5956
INFO 2025-11-23 22:24:55,095 basehttp "GET /accounts/google/login/ HTTP/1.1" 200 1412
INFO 2025-11-23 22:24:58,111 basehttp "POST /accounts/google/login/ HTTP/1.1" 302 0
INFO 2025-11-23 22:25:22,517 basehttp "GET / HTTP/1.1" 200 9888
INFO 2025-11-23 22:25:22,548 basehttp "GET /static/css/bootstrap.min.css HTTP/1.1" 200 223516
INFO 2025-11-23 22:25:22,551 basehttp "GET /static/css/custom.css HTTP/1.1" 200 3731
WARNING 2025-11-23 22:25:23,320 log Not Found: /favicon.ico
WARNING 2025-11-23 22:25:23,320 basehttp "GET /favicon.ico HTTP/1.1" 404 5956
INFO 2025-11-23 22:25:26,443 basehttp "GET /professors/ HTTP/1.1" 200 5576
INFO 2025-11-23 22:25:29,397 basehttp "GET / HTTP/1.1" 200 9888
INFO 2025-11-23 22:25:34,276 basehttp "GET / HTTP/1.1" 200 9888
INFO 2025-11-23 22:25:35,894 basehttp "GET /consultations/ HTTP/1.1" 200 5754
INFO 2025-11-23 22:25:37,854 basehttp "GET /consultations/?status=past HTTP/1.1" 200 5686
INFO 2025-11-23 22:25:38,402 basehttp "GET /consultations/?status=cancelled HTTP/1.1" 200 5687
INFO 2025-11-23 22:25:39,201 basehttp "GET /consultations/?status=upcoming HTTP/1.1" 200 5754
INFO 2025-11-23 22:25:39,506 basehttp "GET /consultations/?status=upcoming HTTP/1.1" 200 5754
INFO 2025-11-23 22:25:45,651 basehttp "GET /consultations/book/ HTTP/1.1" 200 12556
INFO 2025-11-23 22:25:56,041 basehttp "GET /admin/ HTTP/1.1" 302 0
INFO 2025-11-23 22:25:56,252 basehttp "GET /admin/login/?next=/admin/ HTTP/1.1" 200 3708
INFO 2025-11-23 22:25:56,264 basehttp "GET /static/admin/css/dark_mode.css HTTP/1.1" 304 0
INFO 2025-11-23 22:25:56,265 basehttp "GET /static/admin/css/base.css HTTP/1.1" 304 0
INFO 2025-11-23 22:25:56,267 basehttp "GET /static/admin/js/theme.js HTTP/1.1" 304 0
INFO 2025-11-23 22:25:56,289 basehttp "GET /static/admin/css/nav_sidebar.css HTTP/1.1" 304 0
INFO 2025-11-23 22:25:56,290 basehttp "GET /static/admin/css/login.css HTTP/1.1" 304 0
INFO 2025-11-23 22:25:56,291 basehttp "GET /static/admin/css/responsive.css HTTP/1.1" 304 0
INFO 2025-11-23 22:25:56,295 basehttp "GET /static/admin/js/nav_sidebar.js HTTP/1.1" 304 0
INFO 2025-11-23 22:26:00,515 basehttp "POST /admin/login/?next=/admin/ HTTP/1.1" 200 3872
INFO 2025-11-23 22:26:02,319 basehttp "POST /admin/login/?next=/admin/ HTTP/1.1" 200 3872
INFO 2025-11-23 22:26:15,890 basehttp "POST /admin/login/?next=/admin/ HTTP/1.1" 200 3871
INFO 2025-11-23 22:26:21,203 basehttp "POST /admin/login/?next=/admin/ HTTP/1.1" 200 3871
INFO 2025-11-23 22:26:39,945 basehttp "POST /admin/login/?next=/admin/ HTTP/1.1" 200 3882
INFO 2025-11-23 22:27:24,199 autoreload Watching for file changes with StatReloader
INFO 2025-11-23 22:27:25,926 basehttp "GET / HTTP/1.1" 200 9888
INFO 2025-11-23 22:27:25,960 basehttp "GET /static/css/custom.css HTTP/1.1" 304 0
INFO 2025-11-23 22:27:29,964 basehttp "GET /admin/ HTTP/1.1" 302 0
INFO 2025-11-23 22:27:30,002 basehttp "GET /admin/login/?next=/admin/ HTTP/1.1" 200 3708
INFO 2025-11-23 22:27:43,031 basehttp "POST /admin/login/?next=/admin/ HTTP/1.1" 302 0
INFO 2025-11-23 22:27:43,092 basehttp "GET /admin/ HTTP/1.1" 200 21917
INFO 2025-11-23 22:27:43,110 basehttp "GET /static/admin/css/dashboard.css HTTP/1.1" 304 0
INFO 2025-11-23 22:27:43,119 basehttp "GET /static/admin/img/icon-addlink.svg HTTP/1.1" 304 0
INFO 2025-11-23 22:27:43,119 basehttp "GET /static/admin/img/icon-changelink.svg HTTP/1.1" 304 0
INFO 2025-11-23 22:27:48,889 basehttp "GET /admin/authtoken/tokenproxy/ HTTP/1.1" 200 20425
INFO 2025-11-23 22:27:48,905 basehttp "GET /static/admin/css/changelists.css HTTP/1.1" 304 0
INFO 2025-11-23 22:27:48,910 basehttp "GET /static/admin/js/jquery.init.js HTTP/1.1" 304 0
INFO 2025-11-23 22:27:48,912 basehttp "GET /static/admin/js/core.js HTTP/1.1" 304 0
INFO 2025-11-23 22:27:48,913 basehttp "GET /static/admin/js/vendor/jquery/jquery.js HTTP/1.1" 304 0
INFO 2025-11-23 22:27:48,914 basehttp "GET /static/admin/js/admin/RelatedObjectLookups.js HTTP/1.1" 304 0
INFO 2025-11-23 22:27:48,915 basehttp "GET /static/admin/js/actions.js HTTP/1.1" 304 0
INFO 2025-11-23 22:27:48,915 basehttp "GET /static/admin/js/prepopulate.js HTTP/1.1" 304 0
INFO 2025-11-23 22:27:48,918 basehttp "GET /static/admin/js/urlify.js HTTP/1.1" 304 0
INFO 2025-11-23 22:27:48,919 basehttp "GET /static/admin/js/vendor/xregexp/xregexp.js HTTP/1.1" 304 0
INFO 2025-11-23 22:27:48,920 basehttp "GET /static/admin/img/search.svg HTTP/1.1" 304 0
INFO 2025-11-23 22:27:48,930 basehttp "GET /static/admin/js/filters.js HTTP/1.1" 304 0
INFO 2025-11-23 22:27:48,941 basehttp "GET /static/admin/img/tooltag-add.svg HTTP/1.1" 304 0
INFO 2025-11-23 22:27:58,288 basehttp "GET /admin/django_celery_beat/crontabschedule/ HTTP/1.1" 200 20082
INFO 2025-11-23 22:27:58,360 basehttp "GET /admin/jsi18n/ HTTP/1.1" 200 3342
INFO 2025-11-23 22:28:00,980 basehttp "GET /admin/professors/professorprofile/ HTTP/1.1" 200 21778
INFO 2025-11-23 22:28:01,002 basehttp "GET /admin/jsi18n/ HTTP/1.1" 200 3342
INFO 2025-11-23 22:28:01,018 basehttp "GET /static/admin/img/icon-viewlink.svg HTTP/1.1" 304 0
INFO 2025-11-23 22:28:03,154 basehttp "GET /admin/professors/professorprofile/add/ HTTP/1.1" 200 30095
INFO 2025-11-23 22:28:03,171 basehttp "GET /static/admin/css/forms.css HTTP/1.1" 304 0
INFO 2025-11-23 22:28:03,176 basehttp "GET /static/admin/js/prepopulate_init.js HTTP/1.1" 304 0
INFO 2025-11-23 22:28:03,177 basehttp "GET /admin/jsi18n/ HTTP/1.1" 200 3342
INFO 2025-11-23 22:28:03,183 basehttp "GET /static/admin/css/widgets.css HTTP/1.1" 304 0
INFO 2025-11-23 22:28:03,186 basehttp "GET /static/admin/js/change_form.js HTTP/1.1" 304 0
INFO 2025-11-23 23:46:34,360 autoreload Watching for file changes with StatReloader
INFO 2025-11-23 23:46:36,391 basehttp "GET / HTTP/1.1" 200 7525
INFO 2025-11-23 23:46:36,766 basehttp "GET /static/css/enhancements.css HTTP/1.1" 200 7105
INFO 2025-11-23 23:46:36,780 basehttp "GET /static/css/custom.css HTTP/1.1" 200 3731
INFO 2025-11-23 23:46:36,787 basehttp "GET /static/css/bootstrap.min.css HTTP/1.1" 200 223516
INFO 2025-11-23 23:46:36,795 basehttp "GET /static/css/animations.css HTTP/1.1" 200 7020
INFO 2025-11-23 23:46:36,815 basehttp "GET /static/js/main.js HTTP/1.1" 200 11050
WARNING 2025-11-23 23:46:37,384 log Not Found: /favicon.ico
WARNING 2025-11-23 23:46:37,384 basehttp "GET /favicon.ico HTTP/1.1" 404 5956
INFO 2025-11-23 23:46:38,829 basehttp "GET /accounts/google/login/ HTTP/1.1" 200 1412
INFO 2025-11-23 23:46:40,515 basehttp "POST /accounts/google/login/ HTTP/1.1" 302 0
INFO 2025-11-23 23:46:59,787 basehttp "GET / HTTP/1.1" 200 10483
INFO 2025-11-23 23:46:59,819 basehttp "GET /static/css/bootstrap.min.css HTTP/1.1" 304 0
INFO 2025-11-23 23:46:59,825 basehttp "GET /static/css/custom.css HTTP/1.1" 304 0
INFO 2025-11-23 23:46:59,825 basehttp "GET /static/css/enhancements.css HTTP/1.1" 200 7105
INFO 2025-11-23 23:46:59,825 basehttp "GET /static/css/animations.css HTTP/1.1" 200 7020
INFO 2025-11-23 23:46:59,827 basehttp "GET /static/js/main.js HTTP/1.1" 200 11050
WARNING 2025-11-23 23:47:00,210 log Not Found: /favicon.ico
WARNING 2025-11-23 23:47:00,211 basehttp "GET /favicon.ico HTTP/1.1" 404 5956
INFO 2025-11-23 23:47:06,717 basehttp "GET / HTTP/1.1" 200 10483
INFO 2025-11-23 23:47:06,934 basehttp "GET / HTTP/1.1" 200 10483
INFO 2025-11-23 23:47:07,446 basehttp "GET / HTTP/1.1" 200 10483
INFO 2025-11-23 23:47:21,266 basehttp "GET /professors/ HTTP/1.1" 200 6074
INFO 2025-11-23 23:47:28,198 basehttp "GET /professors/?search=&department= HTTP/1.1" 200 6074
INFO 2025-11-23 23:47:28,213 basehttp "GET /static/css/animations.css HTTP/1.1" 304 0
INFO 2025-11-23 23:47:28,216 basehttp "GET /static/js/main.js HTTP/1.1" 304 0
INFO 2025-11-23 23:47:28,217 basehttp "GET /static/css/enhancements.css HTTP/1.1" 304 0
INFO 2025-11-23 23:47:28,902 basehttp "GET /professors/?search=&department= HTTP/1.1" 200 6074
INFO 2025-11-23 23:47:31,368 basehttp "GET / HTTP/1.1" 200 10483
INFO 2025-11-23 23:50:05,788 basehttp "GET / HTTP/1.1" 200 10483
INFO 2025-11-23 23:50:05,814 basehttp "GET /static/css/animations.css HTTP/1.1" 304 0
INFO 2025-11-23 23:50:05,816 basehttp "GET /static/js/main.js HTTP/1.1" 304 0
INFO 2025-11-23 23:50:05,819 basehttp "GET /static/css/enhancements.css HTTP/1.1" 200 7532
INFO 2025-11-23 23:50:07,945 basehttp "GET / HTTP/1.1" 200 10483
INFO 2025-11-23 23:50:07,963 basehttp "GET /static/css/enhancements.css HTTP/1.1" 304 0
INFO 2025-11-23 23:50:08,810 basehttp "GET / HTTP/1.1" 200 10483
INFO 2025-11-23 23:50:08,824 basehttp "GET /static/css/enhancements.css HTTP/1.1" 304 0
INFO 2025-11-23 23:50:11,716 basehttp "GET / HTTP/1.1" 200 10483
INFO 2025-11-23 23:50:11,735 basehttp "GET /static/css/enhancements.css HTTP/1.1" 304 0
INFO 2025-11-23 23:50:13,637 basehttp "GET / HTTP/1.1" 200 10483
INFO 2025-11-23 23:50:13,653 basehttp "GET /static/css/enhancements.css HTTP/1.1" 304 0
INFO 2025-11-23 23:53:44,832 autoreload D:\User\Von\Documents\Codes\IMPORTANT_DO_THIS_NOW\cc6-group-project\professor-consultation-scheduler\prof_consult\prof_consult\__init__.py changed, reloading.
INFO 2025-11-23 23:53:46,014 autoreload Watching for file changes with StatReloader
INFO 2025-11-23 23:57:31,503 autoreload D:\User\Von\Documents\Codes\IMPORTANT_DO_THIS_NOW\cc6-group-project\professor-consultation-scheduler\prof_consult\prof_consult\__init__.py changed, reloading.
INFO 2025-11-23 23:57:32,599 autoreload Watching for file changes with StatReloader
INFO 2025-11-23 23:59:04,957 autoreload D:\User\Von\Documents\Codes\IMPORTANT_DO_THIS_NOW\cc6-group-project\professor-consultation-scheduler\prof_consult\prof_consult\settings.py changed, reloading.
INFO 2025-11-23 23:59:06,050 autoreload Watching for file changes with StatReloader
INFO 2025-11-24 00:00:29,800 autoreload D:\User\Von\Documents\Codes\IMPORTANT_DO_THIS_NOW\cc6-group-project\professor-consultation-scheduler\prof_consult\prof_consult\settings.py changed, reloading.
INFO 2025-11-24 00:00:30,889 autoreload Watching for file changes with StatReloader
INFO 2025-11-24 00:01:27,336 autoreload D:\User\Von\Documents\Codes\IMPORTANT_DO_THIS_NOW\cc6-group-project\professor-consultation-scheduler\prof_consult\prof_consult\settings.py changed, reloading.
INFO 2025-11-24 00:01:29,422 autoreload Watching for file changes with StatReloader
INFO 2025-11-24 00:01:42,231 autoreload Watching for file changes with StatReloader
INFO 2025-11-24 00:01:49,860 autoreload Watching for file changes with StatReloader
INFO 2025-11-24 00:02:24,007 autoreload D:\User\Von\Documents\Codes\IMPORTANT_DO_THIS_NOW\cc6-group-project\professor-consultation-scheduler\prof_consult\prof_consult\__init__.py changed, reloading.
INFO 2025-11-24 00:02:24,215 autoreload D:\User\Von\Documents\Codes\IMPORTANT_DO_THIS_NOW\cc6-group-project\professor-consultation-scheduler\prof_consult\prof_consult\__init__.py changed, reloading.
INFO 2025-11-24 00:02:24,250 autoreload D:\User\Von\Documents\Codes\IMPORTANT_DO_THIS_NOW\cc6-group-project\professor-consultation-scheduler\prof_consult\prof_consult\__init__.py changed, reloading.
INFO 2025-11-24 00:02:25,383 autoreload Watching for file changes with StatReloader
INFO 2025-11-24 00:02:49,805 autoreload Watching for file changes with StatReloader
INFO 2025-11-24 00:02:53,151 basehttp "GET / HTTP/1.1" 200 10483
INFO 2025-11-24 00:02:53,180 basehttp "GET /static/css/bootstrap.min.css HTTP/1.1" 304 0
INFO 2025-11-24 00:02:53,184 basehttp "GET /static/css/animations.css HTTP/1.1" 304 0
INFO 2025-11-24 00:02:53,185 basehttp "GET /static/css/enhancements.css HTTP/1.1" 304 0
INFO 2025-11-24 00:02:53,187 basehttp "GET /static/js/main.js HTTP/1.1" 304 0
INFO 2025-11-24 00:02:53,369 basehttp "GET /static/css/custom.css HTTP/1.1" 200 4334
INFO 2025-11-24 00:02:57,360 basehttp "GET / HTTP/1.1" 200 10483
INFO 2025-11-24 00:03:42,354 basehttp "GET / HTTP/1.1" 200 10483
INFO 2025-11-24 00:05:40,349 basehttp "GET / HTTP/1.1" 200 10483
INFO 2025-11-24 00:05:40,371 basehttp "GET /static/js/main.js HTTP/1.1" 304 0
INFO 2025-11-24 00:05:40,371 basehttp "GET /static/css/enhancements.css HTTP/1.1" 304 0
INFO 2025-11-24 00:05:40,371 basehttp "GET /static/css/animations.css HTTP/1.1" 304 0
INFO 2025-11-24 00:05:40,371 basehttp "GET /static/css/custom.css HTTP/1.1" 304 0
INFO 2025-11-24 00:05:45,007 basehttp "GET / HTTP/1.1" 200 10483
INFO 2025-11-24 00:05:45,486 basehttp "GET / HTTP/1.1" 200 10483
INFO 2025-11-24 00:05:46,167 basehttp "GET / HTTP/1.1" 200 10483
INFO 2025-11-24 00:05:47,023 basehttp "GET / HTTP/1.1" 200 10483
INFO 2025-11-24 00:06:14,502 basehttp "GET / HTTP/1.1" 200 10483
INFO 2025-11-24 00:06:17,563 basehttp "GET /professors/ HTTP/1.1" 200 27389
INFO 2025-11-24 00:06:22,222 basehttp "GET / HTTP/1.1" 200 10483
INFO 2025-11-24 00:06:23,588 basehttp "GET /consultations/ HTTP/1.1" 200 6090
INFO 2025-11-24 00:06:25,335 basehttp "GET /consultations/book/ HTTP/1.1" 200 13934
INFO 2025-11-24 00:07:06,996 basehttp "POST /consultations/book/ HTTP/1.1" 302 0
INFO 2025-11-24 00:07:07,006 basehttp "GET /consultations/ HTTP/1.1" 200 10043
INFO 2025-11-24 00:07:19,523 basehttp "GET / HTTP/1.1" 200 10483
INFO 2025-11-24 00:07:19,537 basehttp "GET /static/css/custom.css HTTP/1.1" 304 0
INFO 2025-11-24 00:07:19,539 basehttp "GET /static/css/enhancements.css HTTP/1.1" 304 0
INFO 2025-11-24 00:07:21,494 basehttp "GET /consultations/ HTTP/1.1" 200 9643
INFO 2025-11-24 00:07:23,339 basehttp "GET /consultations/?status=past HTTP/1.1" 200 6022
INFO 2025-11-24 00:07:23,926 basehttp "GET /consultations/?status=cancelled HTTP/1.1" 200 6023
INFO 2025-11-24 00:07:24,497 basehttp "GET /consultations/?status=upcoming HTTP/1.1" 200 9643
INFO 2025-11-24 00:07:25,487 basehttp "GET / HTTP/1.1" 200 10483
INFO 2025-11-24 00:07:30,206 basehttp "GET /consultations/book/ HTTP/1.1" 200 13934
INFO 2025-11-24 00:07:39,566 basehttp "GET / HTTP/1.1" 200 10483
INFO 2025-11-24 00:07:52,261 autoreload D:\User\Von\Documents\Codes\IMPORTANT_DO_THIS_NOW\cc6-group-project\professor-consultation-scheduler\prof_consult\prof_consult\settings.py changed, reloading.
INFO 2025-11-24 00:07:52,512 autoreload D:\User\Von\Documents\Codes\IMPORTANT_DO_THIS_NOW\cc6-group-project\professor-consultation-scheduler\prof_consult\prof_consult\settings.py changed, reloading.
INFO 2025-11-24 00:07:53,493 autoreload Watching for file changes with StatReloader
INFO 2025-11-24 00:07:53,697 autoreload Watching for file changes with StatReloader
INFO 2025-11-24 00:07:58,324 basehttp "GET / HTTP/1.1" 200 10483
INFO 2025-11-24 00:07:58,340 basehttp "GET /static/css/animations.css HTTP/1.1" 304 0
INFO 2025-11-24 00:07:58,342 basehttp "GET /static/js/main.js HTTP/1.1" 304 0
INFO 2025-11-24 00:07:59,030 basehttp "GET / HTTP/1.1" 200 10483
INFO 2025-11-24 00:07:59,887 basehttp "GET /consultations/ HTTP/1.1" 200 9643
INFO 2025-11-24 00:10:01,733 autoreload D:\User\Von\Documents\Codes\IMPORTANT_DO_THIS_NOW\cc6-group-project\professor-consultation-scheduler\prof_consult\apps\accounts\frontend_views.py changed, reloading.
INFO 2025-11-24 00:10:02,115 autoreload D:\User\Von\Documents\Codes\IMPORTANT_DO_THIS_NOW\cc6-group-project\professor-consultation-scheduler\prof_consult\apps\accounts\frontend_views.py changed, reloading.
INFO 2025-11-24 00:10:02,847 autoreload Watching for file changes with StatReloader
INFO 2025-11-24 00:10:03,188 autoreload Watching for file changes with StatReloader
INFO 2025-11-24 00:11:55,172 autoreload D:\User\Von\Documents\Codes\IMPORTANT_DO_THIS_NOW\cc6-group-project\professor-consultation-scheduler\prof_consult\prof_consult\urls.py changed, reloading.
INFO 2025-11-24 00:11:55,466 autoreload D:\User\Von\Documents\Codes\IMPORTANT_DO_THIS_NOW\cc6-group-project\professor-consultation-scheduler\prof_consult\prof_consult\urls.py changed, reloading.
INFO 2025-11-24 00:11:56,230 autoreload Watching for file changes with StatReloader
INFO 2025-11-24 00:11:56,526 autoreload Watching for file changes with StatReloader
INFO 2025-11-24 00:12:13,895 autoreload D:\User\Von\Documents\Codes\IMPORTANT_DO_THIS_NOW\cc6-group-project\professor-consultation-scheduler\prof_consult\apps\accounts\frontend_views.py changed, reloading.
INFO 2025-11-24 00:12:14,148 autoreload D:\User\Von\Documents\Codes\IMPORTANT_DO_THIS_NOW\cc6-group-project\professor-consultation-scheduler\prof_consult\apps\accounts\frontend_views.py changed, reloading.
INFO 2025-11-24 00:12:15,014 autoreload Watching for file changes with StatReloader
INFO 2025-11-24 00:12:15,233 autoreload Watching for file changes with StatReloader
INFO 2025-11-24 00:19:56,906 autoreload Watching for file changes with StatReloader
INFO 2025-11-24 00:20:13,113 basehttp "GET / HTTP/1.1" 200 10854
INFO 2025-11-24 00:20:13,130 basehttp "GET /static/css/bootstrap.min.css HTTP/1.1" 304 0
INFO 2025-11-24 00:20:13,135 basehttp "GET /static/css/custom.css HTTP/1.1" 304 0
INFO 2025-11-24 00:20:13,135 basehttp "GET /static/css/animations.css HTTP/1.1" 304 0
INFO 2025-11-24 00:20:13,136 basehttp "GET /static/css/enhancements.css HTTP/1.1" 304 0
INFO 2025-11-24 00:20:13,136 basehttp "GET /static/js/main.js HTTP/1.1" 304 0
INFO 2025-11-24 00:20:15,966 basehttp "GET /professors/ HTTP/1.1" 200 27760
INFO 2025-11-24 00:20:17,973 basehttp "GET /consultations/ HTTP/1.1" 200 10014
INFO 2025-11-24 00:20:19,004 basehttp "GET /dashboard/ HTTP/1.1" 200 12770
INFO 2025-11-24 00:20:19,951 basehttp "GET / HTTP/1.1" 200 10854
INFO 2025-11-24 00:20:24,519 basehttp "GET /profile/settings/ HTTP/1.1" 200 22794
INFO 2025-11-24 00:20:51,362 autoreload D:\User\Von\Documents\Codes\IMPORTANT_DO_THIS_NOW\cc6-group-project\professor-consultation-scheduler\prof_consult\prof_consult\urls.py changed, reloading.
INFO 2025-11-24 00:20:51,435 autoreload D:\User\Von\Documents\Codes\IMPORTANT_DO_THIS_NOW\cc6-group-project\professor-consultation-scheduler\prof_consult\prof_consult\urls.py changed, reloading.
INFO 2025-11-24 00:20:51,793 autoreload D:\User\Von\Documents\Codes\IMPORTANT_DO_THIS_NOW\cc6-group-project\professor-consultation-scheduler\prof_consult\prof_consult\urls.py changed, reloading.
INFO 2025-11-24 00:20:52,731 autoreload Watching for file changes with StatReloader
INFO 2025-11-24 00:20:52,766 autoreload Watching for file changes with StatReloader
INFO 2025-11-24 00:20:53,393 autoreload Watching for file changes with StatReloader
WARNING 2025-11-24 00:20:54,520 log Method Not Allowed: /api/auth/logout/
WARNING 2025-11-24 00:20:54,524 basehttp "GET /api/auth/logout/ HTTP/1.1" 405 10503
INFO 2025-11-24 00:20:54,541 basehttp "GET /static/rest_framework/css/bootstrap.min.css HTTP/1.1" 304 0
INFO 2025-11-24 00:20:54,545 basehttp "GET /static/rest_framework/css/bootstrap-tweaks.css HTTP/1.1" 304 0
INFO 2025-11-24 00:20:54,547 basehttp "GET /static/rest_framework/css/prettify.css HTTP/1.1" 304 0
INFO 2025-11-24 00:20:54,547 basehttp "GET /static/rest_framework/css/default.css HTTP/1.1" 304 0
INFO 2025-11-24 00:20:54,549 basehttp "GET /static/rest_framework/js/prettify-min.js HTTP/1.1" 304 0
INFO 2025-11-24 00:20:54,549 basehttp "GET /static/rest_framework/js/csrf.js HTTP/1.1" 304 0
INFO 2025-11-24 00:20:54,550 basehttp "GET /static/rest_framework/js/ajax-form.js HTTP/1.1" 304 0
INFO 2025-11-24 00:20:54,552 basehttp "GET /static/rest_framework/js/jquery-3.7.1.min.js HTTP/1.1" 304 0
INFO 2025-11-24 00:20:54,553 basehttp "GET /static/rest_framework/js/bootstrap.min.js HTTP/1.1" 304 0
INFO 2025-11-24 00:20:54,553 basehttp "GET /static/rest_framework/js/load-ajax-form.js HTTP/1.1" 304 0
INFO 2025-11-24 00:20:54,553 basehttp "GET /static/rest_framework/js/default.js HTTP/1.1" 304 0
INFO 2025-11-24 00:20:54,559 basehttp "GET /static/rest_framework/img/grid.png HTTP/1.1" 304 0
INFO 2025-11-24 00:21:05,993 basehttp "GET / HTTP/1.1" 200 10854
INFO 2025-11-24 00:21:08,862 basehttp "GET /profile/settings/ HTTP/1.1" 200 22794
INFO 2025-11-24 00:21:51,208 autoreload D:\User\Von\Documents\Codes\IMPORTANT_DO_THIS_NOW\cc6-group-project\professor-consultation-scheduler\prof_consult\apps\professors\models.py changed, reloading.
INFO 2025-11-24 00:21:51,216 autoreload D:\User\Von\Documents\Codes\IMPORTANT_DO_THIS_NOW\cc6-group-project\professor-consultation-scheduler\prof_consult\apps\professors\models.py changed, reloading.
INFO 2025-11-24 00:21:51,312 autoreload D:\User\Von\Documents\Codes\IMPORTANT_DO_THIS_NOW\cc6-group-project\professor-consultation-scheduler\prof_consult\apps\professors\models.py changed, reloading.
INFO 2025-11-24 00:21:52,379 autoreload Watching for file changes with StatReloader
INFO 2025-11-24 00:21:52,379 autoreload Watching for file changes with StatReloader
INFO 2025-11-24 00:21:52,397 autoreload Watching for file changes with StatReloader
INFO 2025-11-24 00:22:11,259 autoreload D:\User\Von\Documents\Codes\IMPORTANT_DO_THIS_NOW\cc6-group-project\professor-consultation-scheduler\prof_consult\apps\accounts\frontend_views.py changed, reloading.
INFO 2025-11-24 00:22:11,328 autoreload D:\User\Von\Documents\Codes\IMPORTANT_DO_THIS_NOW\cc6-group-project\professor-consultation-scheduler\prof_consult\apps\accounts\frontend_views.py changed, reloading.
INFO 2025-11-24 00:22:11,331 autoreload D:\User\Von\Documents\Codes\IMPORTANT_DO_THIS_NOW\cc6-group-project\professor-consultation-scheduler\prof_consult\apps\accounts\frontend_views.py changed, reloading.
INFO 2025-11-24 00:22:12,435 autoreload Watching for file changes with StatReloader
INFO 2025-11-24 00:22:12,481 autoreload Watching for file changes with StatReloader
INFO 2025-11-24 00:22:12,484 autoreload Watching for file changes with StatReloader
INFO 2025-11-24 00:22:44,407 autoreload D:\User\Von\Documents\Codes\IMPORTANT_DO_THIS_NOW\cc6-group-project\professor-consultation-scheduler\prof_consult\prof_consult\urls.py changed, reloading.
INFO 2025-11-24 00:22:44,657 autoreload D:\User\Von\Documents\Codes\IMPORTANT_DO_THIS_NOW\cc6-group-project\professor-consultation-scheduler\prof_consult\prof_consult\urls.py changed, reloading.
INFO 2025-11-24 00:22:44,680 autoreload D:\User\Von\Documents\Codes\IMPORTANT_DO_THIS_NOW\cc6-group-project\professor-consultation-scheduler\prof_consult\prof_consult\urls.py changed, reloading.
INFO 2025-11-24 00:22:45,511 autoreload Watching for file changes with StatReloader
INFO 2025-11-24 00:22:45,750 autoreload Watching for file changes with StatReloader
INFO 2025-11-24 00:22:45,767 autoreload Watching for file changes with StatReloader
INFO 2025-11-24 00:24:26,861 autoreload D:\User\Von\Documents\Codes\IMPORTANT_DO_THIS_NOW\cc6-group-project\professor-consultation-scheduler\prof_consult\prof_consult\urls.py changed, reloading.
INFO 2025-11-24 00:24:26,863 autoreload D:\User\Von\Documents\Codes\IMPORTANT_DO_THIS_NOW\cc6-group-project\professor-consultation-scheduler\prof_consult\prof_consult\urls.py changed, reloading.
INFO 2025-11-24 00:24:26,863 autoreload D:\User\Von\Documents\Codes\IMPORTANT_DO_THIS_NOW\cc6-group-project\professor-consultation-scheduler\prof_consult\prof_consult\urls.py changed, reloading.
INFO 2025-11-24 00:24:28,009 autoreload Watching for file changes with StatReloader
INFO 2025-11-24 00:24:28,015 autoreload Watching for file changes with StatReloader
INFO 2025-11-24 00:24:28,016 autoreload Watching for file changes with StatReloader
INFO 2025-11-24 00:24:33,257 basehttp "GET / HTTP/1.1" 200 10854
INFO 2025-11-24 00:24:33,274 basehttp "GET /static/css/custom.css HTTP/1.1" 304 0
INFO 2025-11-24 00:24:33,277 basehttp "GET /static/css/animations.css HTTP/1.1" 304 0
INFO 2025-11-24 00:24:33,277 basehttp "GET /static/css/enhancements.css HTTP/1.1" 304 0
INFO 2025-11-24 00:24:33,278 basehttp "GET /static/js/main.js HTTP/1.1" 304 0
INFO 2025-11-24 00:24:34,237 basehttp "GET / HTTP/1.1" 200 10854
INFO 2025-11-24 00:24:36,355 basehttp "GET /profile/settings/ HTTP/1.1" 200 22794
INFO 2025-11-24 00:27:20,401 autoreload Watching for file changes with StatReloader
INFO 2025-11-24 00:27:38,961 basehttp "GET /profile/settings/ HTTP/1.1" 200 22794
INFO 2025-11-24 00:27:43,585 basehttp "GET /dashboard/ HTTP/1.1" 200 12770
INFO 2025-11-24 00:27:49,432 basehttp "GET / HTTP/1.1" 200 10854
INFO 2025-11-24 15:52:42,918 autoreload Watching for file changes with StatReloader
INFO 2025-11-24 15:52:59,675 basehttp "GET / HTTP/1.1" 200 10854
INFO 2025-11-24 15:52:59,736 basehttp "GET /static/css/custom.css HTTP/1.1" 304 0
INFO 2025-11-24 15:52:59,736 basehttp "GET /static/css/bootstrap.min.css HTTP/1.1" 304 0
INFO 2025-11-24 15:52:59,740 basehttp "GET /static/css/animations.css HTTP/1.1" 304 0
INFO 2025-11-24 15:52:59,742 basehttp "GET /static/css/enhancements.css HTTP/1.1" 304 0
INFO 2025-11-24 15:52:59,743 basehttp "GET /static/js/main.js HTTP/1.1" 304 0
WARNING 2025-11-24 15:53:00,299 log Not Found: /favicon.ico
WARNING 2025-11-24 15:53:00,300 basehttp "GET /favicon.ico HTTP/1.1" 404 6791
INFO 2025-11-24 15:53:04,208 basehttp "GET /professors/ HTTP/1.1" 200 27760
INFO 2025-11-24 15:53:13,291 basehttp "GET /consultations/book/?professor=68 HTTP/1.1" 200 14305
WARNING 2025-11-24 15:53:39,957 log Method Not Allowed: /api/auth/logout/
WARNING 2025-11-24 15:53:39,959 basehttp "GET /api/auth/logout/ HTTP/1.1" 405 10503
INFO 2025-11-24 15:53:40,033 basehttp "GET /static/rest_framework/css/bootstrap-tweaks.css HTTP/1.1" 304 0
INFO 2025-11-24 15:53:40,034 basehttp "GET /static/rest_framework/css/bootstrap.min.css HTTP/1.1" 304 0
INFO 2025-11-24 15:53:40,036 basehttp "GET /static/rest_framework/css/default.css HTTP/1.1" 304 0
INFO 2025-11-24 15:53:40,039 basehttp "GET /static/rest_framework/css/prettify.css HTTP/1.1" 304 0
INFO 2025-11-24 15:53:40,042 basehttp "GET /static/rest_framework/js/ajax-form.js HTTP/1.1" 304 0
INFO 2025-11-24 15:53:40,048 basehttp "GET /static/rest_framework/js/prettify-min.js HTTP/1.1" 304 0
INFO 2025-11-24 15:53:40,053 basehttp "GET /static/rest_framework/js/jquery-3.7.1.min.js HTTP/1.1" 304 0
INFO 2025-11-24 15:53:40,056 basehttp "GET /static/rest_framework/js/csrf.js HTTP/1.1" 304 0
INFO 2025-11-24 15:53:40,059 basehttp "GET /static/rest_framework/js/bootstrap.min.js HTTP/1.1" 304 0
INFO 2025-11-24 15:53:40,071 basehttp "GET /static/rest_framework/js/load-ajax-form.js HTTP/1.1" 304 0
INFO 2025-11-24 15:53:40,088 basehttp "GET /static/rest_framework/js/default.js HTTP/1.1" 304 0
INFO 2025-11-24 15:53:40,101 basehttp "GET /static/rest_framework/img/grid.png HTTP/1.1" 304 0
INFO 2025-11-24 15:53:42,328 basehttp "GET /dashboard/ HTTP/1.1" 200 12770
INFO 2025-11-24 15:53:43,395 basehttp "GET /consultations/ HTTP/1.1" 200 10014
INFO 2025-11-24 15:53:44,524 basehttp "GET /professors/ HTTP/1.1" 200 27760
INFO 2025-11-24 15:53:46,477 basehttp "GET / HTTP/1.1" 200 10854
INFO 2025-11-24 15:53:50,531 basehttp "GET /profile/settings/ HTTP/1.1" 200 22794
INFO 2025-11-24 15:55:53,429 basehttp "GET / HTTP/1.1" 200 10854
INFO 2025-11-24 15:56:30,851 basehttp "GET /consultations/ HTTP/1.1" 200 10014
INFO 2025-11-24 15:56:31,485 basehttp "GET /dashboard/ HTTP/1.1" 200 12770
INFO 2025-11-24 22:04:18,772 autoreload Watching for file changes with StatReloader
INFO 2025-11-24 22:07:51,734 basehttp "GET / HTTP/1.1" 200 10854
INFO 2025-11-24 22:07:51,760 basehttp "GET /static/css/bootstrap.min.css HTTP/1.1" 304 0
INFO 2025-11-24 22:07:51,765 basehttp "GET /static/css/custom.css HTTP/1.1" 304 0
INFO 2025-11-24 22:07:51,765 basehttp "GET /static/css/animations.css HTTP/1.1" 304 0
INFO 2025-11-24 22:07:51,766 basehttp "GET /static/css/enhancements.css HTTP/1.1" 304 0
INFO 2025-11-24 22:07:51,767 basehttp "GET /static/js/main.js HTTP/1.1" 304 0
WARNING 2025-11-24 22:07:52,339 log Not Found: /favicon.ico
WARNING 2025-11-24 22:07:52,340 basehttp "GET /favicon.ico HTTP/1.1" 404 6791
INFO 2025-11-24 22:07:57,926 basehttp "GET /consultations/ HTTP/1.1" 200 10014
INFO 2025-11-24 22:08:02,791 basehttp "GET /professors/ HTTP/1.1" 200 27760
ERROR 2025-11-24 22:08:06,375 log Internal Server Error: /professors/67/
Traceback (most recent call last):
  File "D:\User\Von\Documents\Codes\IMPORTANT_DO_THIS_NOW\cc6-group-project\venv\Lib\site-packages\django\core\handlers\exception.py", line 55, in inner
    response = get_response(request)
  File "D:\User\Von\Documents\Codes\IMPORTANT_DO_THIS_NOW\cc6-group-project\venv\Lib\site-packages\django\core\handlers\base.py", line 197, in _get_response
    response = wrapped_callback(request, *callback_args, **callback_kwargs)
  File "D:\User\Von\Documents\Codes\IMPORTANT_DO_THIS_NOW\cc6-group-project\professor-consultation-scheduler\prof_consult\apps\accounts\frontend_views.py", line 289, in professor_profile
    ).exclude(feedback='').order_by('-completed_at')[:5]
                           ~~~~~~~~^^^^^^^^^^^^^^^^^
  File "D:\User\Von\Documents\Codes\IMPORTANT_DO_THIS_NOW\cc6-group-project\venv\Lib\site-packages\django\db\models\query.py", line 1722, in order_by
    obj.query.add_ordering(*field_names)
    ~~~~~~~~~~~~~~~~~~~~~~^^^^^^^^^^^^^^
  File "D:\User\Von\Documents\Codes\IMPORTANT_DO_THIS_NOW\cc6-group-project\venv\Lib\site-packages\django\db\models\sql\query.py", line 2305, in add_ordering
    self.names_to_path(item.split(LOOKUP_SEP), self.model._meta)
    ~~~~~~~~~~~~~~~~~~^^^^^^^^^^^^^^^^^^^^^^^^^^^^^^^^^^^^^^^^^^
  File "D:\User\Von\Documents\Codes\IMPORTANT_DO_THIS_NOW\cc6-group-project\venv\Lib\site-packages\django\db\models\sql\query.py", line 1806, in names_to_path
    raise FieldError(
    ...<2 lines>...
    )
django.core.exceptions.FieldError: Cannot resolve keyword 'completed_at' into field. Choices are: booking_created_at, cancellation_reason, cancelled_at, confirmed_at, created_at, description, duration, feedback, google_calendar_event_id, id, location, meeting_link, notes, notifications, professor, professor_id, rating, scheduled_date, scheduled_time, status, student, student_id, title, updated_at
ERROR 2025-11-24 22:08:06,378 log Internal Server Error: /professors/67/
Traceback (most recent call last):
  File "D:\User\Von\Documents\Codes\IMPORTANT_DO_THIS_NOW\cc6-group-project\venv\Lib\site-packages\django\core\handlers\exception.py", line 55, in inner
    response = get_response(request)
  File "D:\User\Von\Documents\Codes\IMPORTANT_DO_THIS_NOW\cc6-group-project\venv\Lib\site-packages\django\core\handlers\base.py", line 197, in _get_response
    response = wrapped_callback(request, *callback_args, **callback_kwargs)
  File "D:\User\Von\Documents\Codes\IMPORTANT_DO_THIS_NOW\cc6-group-project\professor-consultation-scheduler\prof_consult\apps\accounts\frontend_views.py", line 289, in professor_profile
    ).exclude(feedback='').order_by('-completed_at')[:5]
                           ~~~~~~~~^^^^^^^^^^^^^^^^^
  File "D:\User\Von\Documents\Codes\IMPORTANT_DO_THIS_NOW\cc6-group-project\venv\Lib\site-packages\django\db\models\query.py", line 1722, in order_by
    obj.query.add_ordering(*field_names)
    ~~~~~~~~~~~~~~~~~~~~~~^^^^^^^^^^^^^^
  File "D:\User\Von\Documents\Codes\IMPORTANT_DO_THIS_NOW\cc6-group-project\venv\Lib\site-packages\django\db\models\sql\query.py", line 2305, in add_ordering
    self.names_to_path(item.split(LOOKUP_SEP), self.model._meta)
    ~~~~~~~~~~~~~~~~~~^^^^^^^^^^^^^^^^^^^^^^^^^^^^^^^^^^^^^^^^^^
  File "D:\User\Von\Documents\Codes\IMPORTANT_DO_THIS_NOW\cc6-group-project\venv\Lib\site-packages\django\db\models\sql\query.py", line 1806, in names_to_path
    raise FieldError(
    ...<2 lines>...
    )
django.core.exceptions.FieldError: Cannot resolve keyword 'completed_at' into field. Choices are: booking_created_at, cancellation_reason, cancelled_at, confirmed_at, created_at, description, duration, feedback, google_calendar_event_id, id, location, meeting_link, notes, notifications, professor, professor_id, rating, scheduled_date, scheduled_time, status, student, student_id, title, updated_at
INFO 2025-11-24 22:08:06,383 basehttp - Broken pipe from ('127.0.0.1', 7079)
ERROR 2025-11-24 22:08:06,386 basehttp "GET /professors/67/ HTTP/1.1" 500 98937
INFO 2025-11-24 22:08:47,664 basehttp "GET /dashboard/ HTTP/1.1" 200 12770
INFO 2025-11-24 22:08:50,006 basehttp "GET /consultations/ HTTP/1.1" 200 10014
INFO 2025-11-24 22:08:50,907 basehttp "GET /dashboard/ HTTP/1.1" 200 12770
INFO 2025-11-24 22:08:51,681 basehttp "GET / HTTP/1.1" 200 10854
INFO 2025-11-24 22:08:53,303 basehttp "GET /dashboard/ HTTP/1.1" 200 12770
INFO 2025-11-24 22:08:56,529 basehttp "GET /professors/ HTTP/1.1" 200 27760
INFO 2025-11-24 22:09:00,099 basehttp "GET /consultations/ HTTP/1.1" 200 10014
INFO 2025-11-24 22:09:00,887 basehttp "GET /professors/ HTTP/1.1" 200 27760
WARNING 2025-11-24 22:09:03,877 log Method Not Allowed: /api/auth/logout/
WARNING 2025-11-24 22:09:03,878 basehttp "GET /api/auth/logout/ HTTP/1.1" 405 10503
INFO 2025-11-24 22:09:10,564 basehttp "GET / HTTP/1.1" 200 10854
INFO 2025-11-24 22:09:12,329 basehttp "GET /admin/ HTTP/1.1" 200 21917
INFO 2025-11-24 22:09:12,342 basehttp "GET /static/admin/css/base.css HTTP/1.1" 304 0
INFO 2025-11-24 22:09:12,342 basehttp "GET /static/admin/js/theme.js HTTP/1.1" 304 0
INFO 2025-11-24 22:09:12,342 basehttp "GET /static/admin/css/dark_mode.css HTTP/1.1" 304 0
INFO 2025-11-24 22:09:12,367 basehttp "GET /static/admin/css/dashboard.css HTTP/1.1" 304 0
INFO 2025-11-24 22:09:12,367 basehttp "GET /static/admin/css/nav_sidebar.css HTTP/1.1" 304 0
INFO 2025-11-24 22:09:12,368 basehttp "GET /static/admin/css/responsive.css HTTP/1.1" 304 0
INFO 2025-11-24 22:09:12,372 basehttp "GET /static/admin/js/nav_sidebar.js HTTP/1.1" 304 0
INFO 2025-11-24 22:09:12,382 basehttp "GET /static/admin/img/icon-changelink.svg HTTP/1.1" 304 0
INFO 2025-11-24 22:09:12,382 basehttp "GET /static/admin/img/icon-addlink.svg HTTP/1.1" 304 0
INFO 2025-11-24 22:09:20,536 basehttp "GET /admin/authtoken/tokenproxy/ HTTP/1.1" 200 20425
INFO 2025-11-24 22:09:20,557 basehttp "GET /static/admin/css/changelists.css HTTP/1.1" 304 0
INFO 2025-11-24 22:09:20,563 basehttp "GET /static/admin/js/admin/RelatedObjectLookups.js HTTP/1.1" 304 0
INFO 2025-11-24 22:09:20,566 basehttp "GET /static/admin/js/jquery.init.js HTTP/1.1" 304 0
INFO 2025-11-24 22:09:20,566 basehttp "GET /static/admin/js/vendor/jquery/jquery.js HTTP/1.1" 304 0
INFO 2025-11-24 22:09:20,566 basehttp "GET /static/admin/js/core.js HTTP/1.1" 304 0
INFO 2025-11-24 22:09:20,568 basehttp "GET /static/admin/js/urlify.js HTTP/1.1" 304 0
INFO 2025-11-24 22:09:20,568 basehttp "GET /static/admin/js/actions.js HTTP/1.1" 304 0
INFO 2025-11-24 22:09:20,570 basehttp "GET /static/admin/js/prepopulate.js HTTP/1.1" 304 0
INFO 2025-11-24 22:09:20,572 basehttp "GET /static/admin/js/vendor/xregexp/xregexp.js HTTP/1.1" 304 0
INFO 2025-11-24 22:09:20,573 basehttp "GET /static/admin/img/search.svg HTTP/1.1" 304 0
INFO 2025-11-24 22:09:20,580 basehttp "GET /static/admin/js/filters.js HTTP/1.1" 304 0
INFO 2025-11-24 22:09:20,590 basehttp "GET /static/admin/img/tooltag-add.svg HTTP/1.1" 304 0
INFO 2025-11-24 22:09:28,638 basehttp "GET /admin/django_celery_beat/clockedschedule/ HTTP/1.1" 200 20080
INFO 2025-11-24 22:09:28,683 basehttp "GET /admin/jsi18n/ HTTP/1.1" 200 3342
INFO 2025-11-24 22:09:30,559 basehttp "GET /admin/account/emailaddress/ HTTP/1.1" 200 21359
INFO 2025-11-24 22:09:30,578 basehttp "GET /admin/jsi18n/ HTTP/1.1" 200 3342
INFO 2025-11-24 22:09:30,594 basehttp "GET /static/admin/img/icon-viewlink.svg HTTP/1.1" 304 0
INFO 2025-11-24 22:32:31,492 autoreload Watching for file changes with StatReloader
INFO 2025-12-01 11:19:24,956 autoreload Watching for file changes with StatReloader
INFO 2025-12-01 11:31:29,084 autoreload Watching for file changes with StatReloader
INFO 2025-12-01 11:45:51,128 autoreload Watching for file changes with StatReloader
INFO 2025-12-01 11:46:41,537 basehttp "GET / HTTP/1.1" 200 7525
INFO 2025-12-01 11:46:43,008 basehttp "GET /static/css/animations.css HTTP/1.1" 200 7020
INFO 2025-12-01 11:46:43,114 basehttp "GET /static/css/enhancements.css HTTP/1.1" 200 7532
INFO 2025-12-01 11:46:43,125 basehttp "GET /static/css/custom.css HTTP/1.1" 200 4334
INFO 2025-12-01 11:46:43,479 basehttp "GET /static/js/main.js HTTP/1.1" 200 11050
INFO 2025-12-01 11:46:43,545 basehttp "GET /static/css/bootstrap.min.css HTTP/1.1" 200 223527
WARNING 2025-12-01 11:46:46,004 log Not Found: /favicon.ico
WARNING 2025-12-01 11:46:46,004 basehttp "GET /favicon.ico HTTP/1.1" 404 6791
INFO 2025-12-01 11:47:26,567 basehttp "GET / HTTP/1.1" 200 7525
INFO 2025-12-01 11:47:26,877 basehttp "GET /static/css/custom.css HTTP/1.1" 200 4334
INFO 2025-12-01 11:47:26,885 basehttp "GET /static/css/bootstrap.min.css HTTP/1.1" 200 223527
INFO 2025-12-01 11:47:26,885 basehttp "GET /static/css/animations.css HTTP/1.1" 200 7020
INFO 2025-12-01 11:47:26,901 basehttp "GET /static/css/enhancements.css HTTP/1.1" 200 7532
INFO 2025-12-01 11:47:26,901 basehttp "GET /static/js/main.js HTTP/1.1" 200 11050
WARNING 2025-12-01 11:47:31,511 log Not Found: /favicon.ico
WARNING 2025-12-01 11:47:31,594 basehttp "GET /favicon.ico HTTP/1.1" 404 6791
INFO 2025-12-03 09:30:54,142 autoreload Watching for file changes with StatReloader
INFO 2025-12-03 09:31:17,445 basehttp "GET / HTTP/1.1" 200 7525
INFO 2025-12-03 09:31:20,091 basehttp "GET /static/css/animations.css HTTP/1.1" 304 0
INFO 2025-12-03 09:31:20,091 basehttp "GET /static/css/custom.css HTTP/1.1" 304 0
INFO 2025-12-03 09:31:20,145 basehttp "GET /static/css/enhancements.css HTTP/1.1" 304 0
INFO 2025-12-03 09:31:20,163 basehttp "GET /static/css/bootstrap.min.css HTTP/1.1" 304 0
INFO 2025-12-03 09:31:20,171 basehttp "GET /static/js/main.js HTTP/1.1" 304 0
WARNING 2025-12-03 09:31:22,895 log Not Found: /favicon.ico
WARNING 2025-12-03 09:31:23,013 basehttp "GET /favicon.ico HTTP/1.1" 404 6791
INFO 2025-12-03 09:32:16,548 basehttp "GET /accounts/google/login/ HTTP/1.1" 200 1412
INFO 2025-12-03 09:32:24,605 basehttp "GET /accounts/google/login/ HTTP/1.1" 200 1412
INFO 2025-12-03 09:32:29,680 basehttp "POST /accounts/google/login/ HTTP/1.1" 302 0
INFO 2025-12-03 09:32:33,451 basehttp "GET /accounts/google/login/ HTTP/1.1" 200 1412
INFO 2025-12-03 09:32:38,013 basehttp "GET /accounts/signup/ HTTP/1.1" 200 2785
INFO 2025-12-03 09:33:17,659 basehttp "POST /accounts/signup/ HTTP/1.1" 200 2988
INFO 2025-12-03 09:33:37,786 basehttp "POST /accounts/signup/ HTTP/1.1" 200 2988
INFO 2025-12-03 09:33:58,119 basehttp "POST /accounts/signup/ HTTP/1.1" 200 2988
INFO 2025-12-03 09:33:59,833 basehttp "GET /accounts/signup/ HTTP/1.1" 200 2785
INFO 2025-12-03 09:34:01,466 basehttp "GET / HTTP/1.1" 200 7525
INFO 2025-12-03 09:34:05,440 basehttp "GET /accounts/google/login/ HTTP/1.1" 200 1412
INFO 2025-12-03 09:34:09,833 basehttp "GET /accounts/login/ HTTP/1.1" 200 2564
INFO 2025-12-03 09:34:42,152 basehttp "POST /accounts/login/ HTTP/1.1" 200 2718
INFO 2025-12-03 09:36:29,870 basehttp "POST /accounts/login/ HTTP/1.1" 200 2718
INFO 2025-12-03 09:36:43,553 basehttp "POST /accounts/login/ HTTP/1.1" 200 2718
INFO 2025-12-03 09:38:05,291 basehttp "POST /accounts/login/ HTTP/1.1" 302 0
WARNING 2025-12-03 09:38:05,315 log Not Found: /accounts/profile/
WARNING 2025-12-03 09:38:05,323 basehttp "GET /accounts/profile/ HTTP/1.1" 404 14215
INFO 2025-12-03 09:41:37,384 basehttp "GET / HTTP/1.1" 200 11240
INFO 2025-12-03 09:41:51,763 basehttp "GET /consultations/ HTTP/1.1" 200 6472
INFO 2025-12-03 09:41:57,462 basehttp "GET /consultations/?status=cancelled HTTP/1.1" 200 6405
INFO 2025-12-03 09:41:59,229 basehttp "GET /consultations/?status=past HTTP/1.1" 200 6404
INFO 2025-12-03 09:42:00,062 basehttp "GET /consultations/?status=upcoming HTTP/1.1" 200 6472
INFO 2025-12-03 09:42:01,446 basehttp "GET /consultations/?status=cancelled HTTP/1.1" 200 6405
INFO 2025-12-03 09:42:12,805 basehttp "GET /consultations/ HTTP/1.1" 200 6472
INFO 2025-12-03 09:42:13,854 basehttp "GET /consultations/ HTTP/1.1" 200 6472
INFO 2025-12-03 09:42:14,698 basehttp "GET /dashboard/ HTTP/1.1" 200 11340
INFO 2025-12-03 09:42:38,505 basehttp "GET / HTTP/1.1" 200 10876
INFO 2025-12-03 09:42:39,781 basehttp "GET /dashboard/ HTTP/1.1" 200 11340
INFO 2025-12-03 09:42:42,549 basehttp "GET /consultations/ HTTP/1.1" 200 6472
INFO 2025-12-03 09:42:49,748 basehttp "GET /professors/ HTTP/1.1" 200 6456
INFO 2025-12-03 09:42:51,809 basehttp "GET /consultations/ HTTP/1.1" 200 6472
INFO 2025-12-03 09:42:53,356 basehttp "GET / HTTP/1.1" 200 10876
INFO 2025-12-03 09:43:30,991 basehttp "GET / HTTP/1.1" 200 10876
INFO 2025-12-03 09:43:42,583 basehttp "GET /professors/ HTTP/1.1" 200 6456
INFO 2025-12-03 09:43:58,469 basehttp "GET /consultations/ HTTP/1.1" 200 6472
INFO 2025-12-03 09:44:07,032 basehttp "GET / HTTP/1.1" 200 10876
INFO 2025-12-03 09:44:10,606 basehttp "GET /consultations/ HTTP/1.1" 200 6472
INFO 2025-12-03 09:44:13,251 basehttp "GET /consultations/?status=upcoming HTTP/1.1" 200 6472
INFO 2025-12-03 09:44:17,918 basehttp "GET /consultations/?status=past HTTP/1.1" 200 6404
INFO 2025-12-03 09:44:19,416 basehttp "GET /consultations/?status=cancelled HTTP/1.1" 200 6405
INFO 2025-12-03 09:44:21,468 basehttp "GET /consultations/?status=upcoming HTTP/1.1" 200 6472
INFO 2025-12-03 09:44:22,959 basehttp "GET /consultations/ HTTP/1.1" 200 6472
INFO 2025-12-03 09:44:24,578 basehttp "GET /consultations/?status=cancelled HTTP/1.1" 200 6405
INFO 2025-12-03 09:44:25,275 basehttp "GET /consultations/?status=past HTTP/1.1" 200 6404
INFO 2025-12-03 09:44:26,384 basehttp "GET /consultations/?status=upcoming HTTP/1.1" 200 6472
INFO 2025-12-03 09:44:27,483 basehttp "GET /consultations/?status=cancelled HTTP/1.1" 200 6405
INFO 2025-12-03 09:44:28,451 basehttp "GET /consultations/?status=past HTTP/1.1" 200 6404
INFO 2025-12-03 09:44:29,283 basehttp "GET /consultations/?status=upcoming HTTP/1.1" 200 6472
INFO 2025-12-03 09:44:31,435 basehttp "GET /consultations/book/ HTTP/1.1" 200 13329
INFO 2025-12-03 09:45:07,784 basehttp "GET / HTTP/1.1" 200 10876
INFO 2025-12-03 09:45:16,379 basehttp "GET /professors/ HTTP/1.1" 200 6456
INFO 2025-12-03 09:45:19,534 basehttp "GET /consultations/ HTTP/1.1" 200 6472
INFO 2025-12-03 09:45:22,403 basehttp "GET /consultations/ HTTP/1.1" 200 6472
INFO 2025-12-03 09:45:45,376 basehttp "GET / HTTP/1.1" 200 10876
INFO 2025-12-03 09:45:47,188 basehttp "GET /consultations/ HTTP/1.1" 200 6472
INFO 2025-12-03 09:45:48,814 basehttp "GET /professors/ HTTP/1.1" 200 6456
INFO 2025-12-03 09:45:49,895 basehttp "GET /consultations/ HTTP/1.1" 200 6472
INFO 2025-12-03 09:45:50,503 basehttp "GET / HTTP/1.1" 200 10876
INFO 2025-12-03 09:45:51,488 basehttp "GET / HTTP/1.1" 200 10876
INFO 2025-12-03 09:45:53,655 basehttp "GET /consultations/ HTTP/1.1" 200 6472
INFO 2025-12-03 09:45:54,920 basehttp "GET /consultations/?status=upcoming HTTP/1.1" 200 6472
INFO 2025-12-03 09:45:55,554 basehttp "GET /consultations/?status=past HTTP/1.1" 200 6404
INFO 2025-12-03 09:45:56,093 basehttp "GET /consultations/?status=cancelled HTTP/1.1" 200 6405
INFO 2025-12-03 09:45:57,589 basehttp "GET /consultations/?status=upcoming HTTP/1.1" 200 6472
INFO 2025-12-03 09:45:58,835 basehttp "GET /consultations/ HTTP/1.1" 200 6472
INFO 2025-12-03 09:45:59,535 basehttp "GET / HTTP/1.1" 200 10876
INFO 2025-12-03 09:46:02,108 basehttp "GET /consultations/ HTTP/1.1" 200 6472
INFO 2025-12-03 09:46:05,548 basehttp "GET /consultations/?status=cancelled HTTP/1.1" 200 6405
INFO 2025-12-03 09:46:06,946 basehttp "GET /consultations/?status=upcoming HTTP/1.1" 200 6472
INFO 2025-12-03 09:46:10,721 basehttp "GET /consultations/book/ HTTP/1.1" 200 13329
INFO 2025-12-03 09:48:50,057 basehttp "GET / HTTP/1.1" 200 10876
INFO 2025-12-03 09:48:52,060 basehttp "GET /consultations/ HTTP/1.1" 200 6472
INFO 2025-12-03 09:48:53,341 basehttp "GET /consultations/?status=cancelled HTTP/1.1" 200 6405
INFO 2025-12-03 09:48:55,636 basehttp "GET /consultations/?status=upcoming HTTP/1.1" 200 6472
INFO 2025-12-03 09:48:57,375 basehttp "GET / HTTP/1.1" 200 10876
INFO 2025-12-03 09:49:04,345 basehttp "GET /consultations/ HTTP/1.1" 200 6472
INFO 2025-12-03 09:49:05,574 basehttp "GET /consultations/?status=cancelled HTTP/1.1" 200 6405
INFO 2025-12-03 09:49:08,791 basehttp "GET /consultations/?status=upcoming HTTP/1.1" 200 6472
INFO 2025-12-03 09:49:11,324 basehttp "GET / HTTP/1.1" 200 10876
INFO 2025-12-03 09:49:13,819 basehttp "GET /consultations/ HTTP/1.1" 200 6472
INFO 2025-12-03 09:54:26,403 autoreload C:\Users\CLienT\Desktop\professor-consultation-scheduler\prof_consult\prof_consult\settings.py changed, reloading.
INFO 2025-12-03 09:54:32,791 autoreload Watching for file changes with StatReloader
INFO 2025-12-03 10:12:16,081 autoreload Watching for file changes with StatReloader
INFO 2025-12-03 10:12:26,021 basehttp "GET /consultations/?status=cancelled HTTP/1.1" 200 6405
INFO 2025-12-03 10:12:28,548 basehttp "GET /consultations/?status=upcoming HTTP/1.1" 200 6472
INFO 2025-12-03 10:12:28,588 basehttp "GET /consultations/?status=upcoming HTTP/1.1" 200 6472
INFO 2025-12-03 10:12:33,448 basehttp "GET / HTTP/1.1" 200 10876
INFO 2025-12-03 10:12:33,530 basehttp "GET / HTTP/1.1" 200 10876
INFO 2025-12-03 10:12:36,218 basehttp "GET /consultations/ HTTP/1.1" 200 6472
ERROR 2025-12-03 10:12:39,395 log Internal Server Error: /consultations/book/
Traceback (most recent call last):
  File "C:\Users\CLienT\Desktop\professor-consultation-scheduler\venv\Lib\site-packages\django\db\backends\utils.py", line 105, in _execute
    return self.cursor.execute(sql, params)
           ^^^^^^^^^^^^^^^^^^^^^^^^^^^^^^^^
  File "C:\Users\CLienT\Desktop\professor-consultation-scheduler\venv\Lib\site-packages\django\db\backends\sqlite3\base.py", line 360, in execute
    return super().execute(query, params)
           ^^^^^^^^^^^^^^^^^^^^^^^^^^^^^^
sqlite3.OperationalError: no such column: professor_profiles.cancellation_notice_hours

The above exception was the direct cause of the following exception:

Traceback (most recent call last):
  File "C:\Users\CLienT\Desktop\professor-consultation-scheduler\venv\Lib\site-packages\django\core\handlers\exception.py", line 55, in inner
    response = get_response(request)
               ^^^^^^^^^^^^^^^^^^^^^
  File "C:\Users\CLienT\Desktop\professor-consultation-scheduler\venv\Lib\site-packages\django\core\handlers\base.py", line 197, in _get_response
    response = wrapped_callback(request, *callback_args, **callback_kwargs)
               ^^^^^^^^^^^^^^^^^^^^^^^^^^^^^^^^^^^^^^^^^^^^^^^^^^^^^^^^^^^^
  File "C:\Users\CLienT\Desktop\professor-consultation-scheduler\venv\Lib\site-packages\django\contrib\auth\decorators.py", line 59, in _view_wrapper
    return view_func(request, *args, **kwargs)
           ^^^^^^^^^^^^^^^^^^^^^^^^^^^^^^^^^^^
  File "C:\Users\CLienT\Desktop\professor-consultation-scheduler\prof_consult\apps\accounts\frontend_views.py", line 189, in book_consultation
    return render(request, 'book_consultation.html', context)
           ^^^^^^^^^^^^^^^^^^^^^^^^^^^^^^^^^^^^^^^^^^^^^^^^^^
  File "C:\Users\CLienT\Desktop\professor-consultation-scheduler\venv\Lib\site-packages\django\shortcuts.py", line 25, in render
    content = loader.render_to_string(template_name, context, request, using=using)
              ^^^^^^^^^^^^^^^^^^^^^^^^^^^^^^^^^^^^^^^^^^^^^^^^^^^^^^^^^^^^^^^^^^^^^
  File "C:\Users\CLienT\Desktop\professor-consultation-scheduler\venv\Lib\site-packages\django\template\loader.py", line 62, in render_to_string
    return template.render(context, request)
           ^^^^^^^^^^^^^^^^^^^^^^^^^^^^^^^^^
  File "C:\Users\CLienT\Desktop\professor-consultation-scheduler\venv\Lib\site-packages\django\template\backends\django.py", line 107, in render
    return self.template.render(context)
           ^^^^^^^^^^^^^^^^^^^^^^^^^^^^^
  File "C:\Users\CLienT\Desktop\professor-consultation-scheduler\venv\Lib\site-packages\django\template\base.py", line 171, in render
    return self._render(context)
           ^^^^^^^^^^^^^^^^^^^^^
  File "C:\Users\CLienT\Desktop\professor-consultation-scheduler\venv\Lib\site-packages\django\template\base.py", line 163, in _render
    return self.nodelist.render(context)
           ^^^^^^^^^^^^^^^^^^^^^^^^^^^^^
  File "C:\Users\CLienT\Desktop\professor-consultation-scheduler\venv\Lib\site-packages\django\template\base.py", line 1016, in render
    return SafeString("".join([node.render_annotated(context) for node in self]))
                              ^^^^^^^^^^^^^^^^^^^^^^^^^^^^^^^^^^^^^^^^^^^^^^^^^
  File "C:\Users\CLienT\Desktop\professor-consultation-scheduler\venv\Lib\site-packages\django\template\base.py", line 1016, in <listcomp>
    return SafeString("".join([node.render_annotated(context) for node in self]))
                               ^^^^^^^^^^^^^^^^^^^^^^^^^^^^^^
  File "C:\Users\CLienT\Desktop\professor-consultation-scheduler\venv\Lib\site-packages\django\template\base.py", line 977, in render_annotated
    return self.render(context)
           ^^^^^^^^^^^^^^^^^^^^
  File "C:\Users\CLienT\Desktop\professor-consultation-scheduler\venv\Lib\site-packages\django\template\loader_tags.py", line 159, in render
    return compiled_parent._render(context)
           ^^^^^^^^^^^^^^^^^^^^^^^^^^^^^^^^
  File "C:\Users\CLienT\Desktop\professor-consultation-scheduler\venv\Lib\site-packages\django\template\base.py", line 163, in _render
    return self.nodelist.render(context)
           ^^^^^^^^^^^^^^^^^^^^^^^^^^^^^
  File "C:\Users\CLienT\Desktop\professor-consultation-scheduler\venv\Lib\site-packages\django\template\base.py", line 1016, in render
    return SafeString("".join([node.render_annotated(context) for node in self]))
                              ^^^^^^^^^^^^^^^^^^^^^^^^^^^^^^^^^^^^^^^^^^^^^^^^^
  File "C:\Users\CLienT\Desktop\professor-consultation-scheduler\venv\Lib\site-packages\django\template\base.py", line 1016, in <listcomp>
    return SafeString("".join([node.render_annotated(context) for node in self]))
                               ^^^^^^^^^^^^^^^^^^^^^^^^^^^^^^
  File "C:\Users\CLienT\Desktop\professor-consultation-scheduler\venv\Lib\site-packages\django\template\base.py", line 977, in render_annotated
    return self.render(context)
           ^^^^^^^^^^^^^^^^^^^^
  File "C:\Users\CLienT\Desktop\professor-consultation-scheduler\venv\Lib\site-packages\django\template\loader_tags.py", line 65, in render
    result = block.nodelist.render(context)
             ^^^^^^^^^^^^^^^^^^^^^^^^^^^^^^
  File "C:\Users\CLienT\Desktop\professor-consultation-scheduler\venv\Lib\site-packages\django\template\base.py", line 1016, in render
    return SafeString("".join([node.render_annotated(context) for node in self]))
                              ^^^^^^^^^^^^^^^^^^^^^^^^^^^^^^^^^^^^^^^^^^^^^^^^^
  File "C:\Users\CLienT\Desktop\professor-consultation-scheduler\venv\Lib\site-packages\django\template\base.py", line 1016, in <listcomp>
    return SafeString("".join([node.render_annotated(context) for node in self]))
                               ^^^^^^^^^^^^^^^^^^^^^^^^^^^^^^
  File "C:\Users\CLienT\Desktop\professor-consultation-scheduler\venv\Lib\site-packages\django\template\base.py", line 977, in render_annotated
    return self.render(context)
           ^^^^^^^^^^^^^^^^^^^^
  File "C:\Users\CLienT\Desktop\professor-consultation-scheduler\venv\Lib\site-packages\django\template\defaulttags.py", line 199, in render
    len_values = len(values)
                 ^^^^^^^^^^^
  File "C:\Users\CLienT\Desktop\professor-consultation-scheduler\venv\Lib\site-packages\django\db\models\query.py", line 368, in __len__
    self._fetch_all()
  File "C:\Users\CLienT\Desktop\professor-consultation-scheduler\venv\Lib\site-packages\django\db\models\query.py", line 1954, in _fetch_all
    self._result_cache = list(self._iterable_class(self))
                         ^^^^^^^^^^^^^^^^^^^^^^^^^^^^^^^^
  File "C:\Users\CLienT\Desktop\professor-consultation-scheduler\venv\Lib\site-packages\django\db\models\query.py", line 93, in __iter__
    results = compiler.execute_sql(
              ^^^^^^^^^^^^^^^^^^^^^
  File "C:\Users\CLienT\Desktop\professor-consultation-scheduler\venv\Lib\site-packages\django\db\models\sql\compiler.py", line 1623, in execute_sql
    cursor.execute(sql, params)
  File "C:\Users\CLienT\Desktop\professor-consultation-scheduler\venv\Lib\site-packages\django\db\backends\utils.py", line 122, in execute
    return super().execute(sql, params)
           ^^^^^^^^^^^^^^^^^^^^^^^^^^^^
  File "C:\Users\CLienT\Desktop\professor-consultation-scheduler\venv\Lib\site-packages\django\db\backends\utils.py", line 79, in execute
    return self._execute_with_wrappers(
           ^^^^^^^^^^^^^^^^^^^^^^^^^^^^
  File "C:\Users\CLienT\Desktop\professor-consultation-scheduler\venv\Lib\site-packages\django\db\backends\utils.py", line 92, in _execute_with_wrappers
    return executor(sql, params, many, context)
           ^^^^^^^^^^^^^^^^^^^^^^^^^^^^^^^^^^^^
  File "C:\Users\CLienT\Desktop\professor-consultation-scheduler\venv\Lib\site-packages\django\db\backends\utils.py", line 100, in _execute
    with self.db.wrap_database_errors:
  File "C:\Users\CLienT\Desktop\professor-consultation-scheduler\venv\Lib\site-packages\django\db\utils.py", line 91, in __exit__
    raise dj_exc_value.with_traceback(traceback) from exc_value
  File "C:\Users\CLienT\Desktop\professor-consultation-scheduler\venv\Lib\site-packages\django\db\backends\utils.py", line 105, in _execute
    return self.cursor.execute(sql, params)
           ^^^^^^^^^^^^^^^^^^^^^^^^^^^^^^^^
  File "C:\Users\CLienT\Desktop\professor-consultation-scheduler\venv\Lib\site-packages\django\db\backends\sqlite3\base.py", line 360, in execute
    return super().execute(query, params)
           ^^^^^^^^^^^^^^^^^^^^^^^^^^^^^^
django.db.utils.OperationalError: no such column: professor_profiles.cancellation_notice_hours
ERROR 2025-12-03 10:12:39,613 basehttp "GET /consultations/book/ HTTP/1.1" 500 249138
INFO 2025-12-03 10:12:48,315 basehttp "GET /consultations/?status=cancelled HTTP/1.1" 200 6405
INFO 2025-12-03 10:12:49,374 basehttp "GET /consultations/?status=past HTTP/1.1" 200 6404
INFO 2025-12-03 10:12:50,014 basehttp "GET /consultations/?status=upcoming HTTP/1.1" 200 6472
ERROR 2025-12-03 10:12:52,130 log Internal Server Error: /consultations/book/
Traceback (most recent call last):
  File "C:\Users\CLienT\Desktop\professor-consultation-scheduler\venv\Lib\site-packages\django\db\backends\utils.py", line 105, in _execute
    return self.cursor.execute(sql, params)
           ^^^^^^^^^^^^^^^^^^^^^^^^^^^^^^^^
  File "C:\Users\CLienT\Desktop\professor-consultation-scheduler\venv\Lib\site-packages\django\db\backends\sqlite3\base.py", line 360, in execute
    return super().execute(query, params)
           ^^^^^^^^^^^^^^^^^^^^^^^^^^^^^^
sqlite3.OperationalError: no such column: professor_profiles.cancellation_notice_hours

The above exception was the direct cause of the following exception:

Traceback (most recent call last):
  File "C:\Users\CLienT\Desktop\professor-consultation-scheduler\venv\Lib\site-packages\django\core\handlers\exception.py", line 55, in inner
    response = get_response(request)
               ^^^^^^^^^^^^^^^^^^^^^
  File "C:\Users\CLienT\Desktop\professor-consultation-scheduler\venv\Lib\site-packages\django\core\handlers\base.py", line 197, in _get_response
    response = wrapped_callback(request, *callback_args, **callback_kwargs)
               ^^^^^^^^^^^^^^^^^^^^^^^^^^^^^^^^^^^^^^^^^^^^^^^^^^^^^^^^^^^^
  File "C:\Users\CLienT\Desktop\professor-consultation-scheduler\venv\Lib\site-packages\django\contrib\auth\decorators.py", line 59, in _view_wrapper
    return view_func(request, *args, **kwargs)
           ^^^^^^^^^^^^^^^^^^^^^^^^^^^^^^^^^^^
  File "C:\Users\CLienT\Desktop\professor-consultation-scheduler\prof_consult\apps\accounts\frontend_views.py", line 189, in book_consultation
    return render(request, 'book_consultation.html', context)
           ^^^^^^^^^^^^^^^^^^^^^^^^^^^^^^^^^^^^^^^^^^^^^^^^^^
  File "C:\Users\CLienT\Desktop\professor-consultation-scheduler\venv\Lib\site-packages\django\shortcuts.py", line 25, in render
    content = loader.render_to_string(template_name, context, request, using=using)
              ^^^^^^^^^^^^^^^^^^^^^^^^^^^^^^^^^^^^^^^^^^^^^^^^^^^^^^^^^^^^^^^^^^^^^
  File "C:\Users\CLienT\Desktop\professor-consultation-scheduler\venv\Lib\site-packages\django\template\loader.py", line 62, in render_to_string
    return template.render(context, request)
           ^^^^^^^^^^^^^^^^^^^^^^^^^^^^^^^^^
  File "C:\Users\CLienT\Desktop\professor-consultation-scheduler\venv\Lib\site-packages\django\template\backends\django.py", line 107, in render
    return self.template.render(context)
           ^^^^^^^^^^^^^^^^^^^^^^^^^^^^^
  File "C:\Users\CLienT\Desktop\professor-consultation-scheduler\venv\Lib\site-packages\django\template\base.py", line 171, in render
    return self._render(context)
           ^^^^^^^^^^^^^^^^^^^^^
  File "C:\Users\CLienT\Desktop\professor-consultation-scheduler\venv\Lib\site-packages\django\template\base.py", line 163, in _render
    return self.nodelist.render(context)
           ^^^^^^^^^^^^^^^^^^^^^^^^^^^^^
  File "C:\Users\CLienT\Desktop\professor-consultation-scheduler\venv\Lib\site-packages\django\template\base.py", line 1016, in render
    return SafeString("".join([node.render_annotated(context) for node in self]))
                              ^^^^^^^^^^^^^^^^^^^^^^^^^^^^^^^^^^^^^^^^^^^^^^^^^
  File "C:\Users\CLienT\Desktop\professor-consultation-scheduler\venv\Lib\site-packages\django\template\base.py", line 1016, in <listcomp>
    return SafeString("".join([node.render_annotated(context) for node in self]))
                               ^^^^^^^^^^^^^^^^^^^^^^^^^^^^^^
  File "C:\Users\CLienT\Desktop\professor-consultation-scheduler\venv\Lib\site-packages\django\template\base.py", line 977, in render_annotated
    return self.render(context)
           ^^^^^^^^^^^^^^^^^^^^
  File "C:\Users\CLienT\Desktop\professor-consultation-scheduler\venv\Lib\site-packages\django\template\loader_tags.py", line 159, in render
    return compiled_parent._render(context)
           ^^^^^^^^^^^^^^^^^^^^^^^^^^^^^^^^
  File "C:\Users\CLienT\Desktop\professor-consultation-scheduler\venv\Lib\site-packages\django\template\base.py", line 163, in _render
    return self.nodelist.render(context)
           ^^^^^^^^^^^^^^^^^^^^^^^^^^^^^
  File "C:\Users\CLienT\Desktop\professor-consultation-scheduler\venv\Lib\site-packages\django\template\base.py", line 1016, in render
    return SafeString("".join([node.render_annotated(context) for node in self]))
                              ^^^^^^^^^^^^^^^^^^^^^^^^^^^^^^^^^^^^^^^^^^^^^^^^^
  File "C:\Users\CLienT\Desktop\professor-consultation-scheduler\venv\Lib\site-packages\django\template\base.py", line 1016, in <listcomp>
    return SafeString("".join([node.render_annotated(context) for node in self]))
                               ^^^^^^^^^^^^^^^^^^^^^^^^^^^^^^
  File "C:\Users\CLienT\Desktop\professor-consultation-scheduler\venv\Lib\site-packages\django\template\base.py", line 977, in render_annotated
    return self.render(context)
           ^^^^^^^^^^^^^^^^^^^^
  File "C:\Users\CLienT\Desktop\professor-consultation-scheduler\venv\Lib\site-packages\django\template\loader_tags.py", line 65, in render
    result = block.nodelist.render(context)
             ^^^^^^^^^^^^^^^^^^^^^^^^^^^^^^
  File "C:\Users\CLienT\Desktop\professor-consultation-scheduler\venv\Lib\site-packages\django\template\base.py", line 1016, in render
    return SafeString("".join([node.render_annotated(context) for node in self]))
                              ^^^^^^^^^^^^^^^^^^^^^^^^^^^^^^^^^^^^^^^^^^^^^^^^^
  File "C:\Users\CLienT\Desktop\professor-consultation-scheduler\venv\Lib\site-packages\django\template\base.py", line 1016, in <listcomp>
    return SafeString("".join([node.render_annotated(context) for node in self]))
                               ^^^^^^^^^^^^^^^^^^^^^^^^^^^^^^
  File "C:\Users\CLienT\Desktop\professor-consultation-scheduler\venv\Lib\site-packages\django\template\base.py", line 977, in render_annotated
    return self.render(context)
           ^^^^^^^^^^^^^^^^^^^^
  File "C:\Users\CLienT\Desktop\professor-consultation-scheduler\venv\Lib\site-packages\django\template\defaulttags.py", line 199, in render
    len_values = len(values)
                 ^^^^^^^^^^^
  File "C:\Users\CLienT\Desktop\professor-consultation-scheduler\venv\Lib\site-packages\django\db\models\query.py", line 368, in __len__
    self._fetch_all()
  File "C:\Users\CLienT\Desktop\professor-consultation-scheduler\venv\Lib\site-packages\django\db\models\query.py", line 1954, in _fetch_all
    self._result_cache = list(self._iterable_class(self))
                         ^^^^^^^^^^^^^^^^^^^^^^^^^^^^^^^^
  File "C:\Users\CLienT\Desktop\professor-consultation-scheduler\venv\Lib\site-packages\django\db\models\query.py", line 93, in __iter__
    results = compiler.execute_sql(
              ^^^^^^^^^^^^^^^^^^^^^
  File "C:\Users\CLienT\Desktop\professor-consultation-scheduler\venv\Lib\site-packages\django\db\models\sql\compiler.py", line 1623, in execute_sql
    cursor.execute(sql, params)
  File "C:\Users\CLienT\Desktop\professor-consultation-scheduler\venv\Lib\site-packages\django\db\backends\utils.py", line 122, in execute
    return super().execute(sql, params)
           ^^^^^^^^^^^^^^^^^^^^^^^^^^^^
  File "C:\Users\CLienT\Desktop\professor-consultation-scheduler\venv\Lib\site-packages\django\db\backends\utils.py", line 79, in execute
    return self._execute_with_wrappers(
           ^^^^^^^^^^^^^^^^^^^^^^^^^^^^
  File "C:\Users\CLienT\Desktop\professor-consultation-scheduler\venv\Lib\site-packages\django\db\backends\utils.py", line 92, in _execute_with_wrappers
    return executor(sql, params, many, context)
           ^^^^^^^^^^^^^^^^^^^^^^^^^^^^^^^^^^^^
  File "C:\Users\CLienT\Desktop\professor-consultation-scheduler\venv\Lib\site-packages\django\db\backends\utils.py", line 100, in _execute
    with self.db.wrap_database_errors:
  File "C:\Users\CLienT\Desktop\professor-consultation-scheduler\venv\Lib\site-packages\django\db\utils.py", line 91, in __exit__
    raise dj_exc_value.with_traceback(traceback) from exc_value
  File "C:\Users\CLienT\Desktop\professor-consultation-scheduler\venv\Lib\site-packages\django\db\backends\utils.py", line 105, in _execute
    return self.cursor.execute(sql, params)
           ^^^^^^^^^^^^^^^^^^^^^^^^^^^^^^^^
  File "C:\Users\CLienT\Desktop\professor-consultation-scheduler\venv\Lib\site-packages\django\db\backends\sqlite3\base.py", line 360, in execute
    return super().execute(query, params)
           ^^^^^^^^^^^^^^^^^^^^^^^^^^^^^^
django.db.utils.OperationalError: no such column: professor_profiles.cancellation_notice_hours
ERROR 2025-12-03 10:12:52,240 basehttp "GET /consultations/book/ HTTP/1.1" 500 249154
ERROR 2025-12-03 10:13:11,550 log Internal Server Error: /professors/
Traceback (most recent call last):
  File "C:\Users\CLienT\Desktop\professor-consultation-scheduler\venv\Lib\site-packages\django\db\backends\utils.py", line 105, in _execute
    return self.cursor.execute(sql, params)
           ^^^^^^^^^^^^^^^^^^^^^^^^^^^^^^^^
  File "C:\Users\CLienT\Desktop\professor-consultation-scheduler\venv\Lib\site-packages\django\db\backends\sqlite3\base.py", line 360, in execute
    return super().execute(query, params)
           ^^^^^^^^^^^^^^^^^^^^^^^^^^^^^^
sqlite3.OperationalError: no such column: professor_profiles.cancellation_notice_hours

The above exception was the direct cause of the following exception:

Traceback (most recent call last):
  File "C:\Users\CLienT\Desktop\professor-consultation-scheduler\venv\Lib\site-packages\django\core\handlers\exception.py", line 55, in inner
    response = get_response(request)
               ^^^^^^^^^^^^^^^^^^^^^
  File "C:\Users\CLienT\Desktop\professor-consultation-scheduler\venv\Lib\site-packages\django\core\handlers\base.py", line 197, in _get_response
    response = wrapped_callback(request, *callback_args, **callback_kwargs)
               ^^^^^^^^^^^^^^^^^^^^^^^^^^^^^^^^^^^^^^^^^^^^^^^^^^^^^^^^^^^^
  File "C:\Users\CLienT\Desktop\professor-consultation-scheduler\prof_consult\apps\accounts\frontend_views.py", line 226, in professors_list
    for professor in professors:
  File "C:\Users\CLienT\Desktop\professor-consultation-scheduler\venv\Lib\site-packages\django\db\models\query.py", line 386, in __iter__
    self._fetch_all()
  File "C:\Users\CLienT\Desktop\professor-consultation-scheduler\venv\Lib\site-packages\django\db\models\query.py", line 1954, in _fetch_all
    self._result_cache = list(self._iterable_class(self))
                         ^^^^^^^^^^^^^^^^^^^^^^^^^^^^^^^^
  File "C:\Users\CLienT\Desktop\professor-consultation-scheduler\venv\Lib\site-packages\django\db\models\query.py", line 93, in __iter__
    results = compiler.execute_sql(
              ^^^^^^^^^^^^^^^^^^^^^
  File "C:\Users\CLienT\Desktop\professor-consultation-scheduler\venv\Lib\site-packages\django\db\models\sql\compiler.py", line 1623, in execute_sql
    cursor.execute(sql, params)
  File "C:\Users\CLienT\Desktop\professor-consultation-scheduler\venv\Lib\site-packages\django\db\backends\utils.py", line 122, in execute
    return super().execute(sql, params)
           ^^^^^^^^^^^^^^^^^^^^^^^^^^^^
  File "C:\Users\CLienT\Desktop\professor-consultation-scheduler\venv\Lib\site-packages\django\db\backends\utils.py", line 79, in execute
    return self._execute_with_wrappers(
           ^^^^^^^^^^^^^^^^^^^^^^^^^^^^
  File "C:\Users\CLienT\Desktop\professor-consultation-scheduler\venv\Lib\site-packages\django\db\backends\utils.py", line 92, in _execute_with_wrappers
    return executor(sql, params, many, context)
           ^^^^^^^^^^^^^^^^^^^^^^^^^^^^^^^^^^^^
  File "C:\Users\CLienT\Desktop\professor-consultation-scheduler\venv\Lib\site-packages\django\db\backends\utils.py", line 100, in _execute
    with self.db.wrap_database_errors:
  File "C:\Users\CLienT\Desktop\professor-consultation-scheduler\venv\Lib\site-packages\django\db\utils.py", line 91, in __exit__
    raise dj_exc_value.with_traceback(traceback) from exc_value
  File "C:\Users\CLienT\Desktop\professor-consultation-scheduler\venv\Lib\site-packages\django\db\backends\utils.py", line 105, in _execute
    return self.cursor.execute(sql, params)
           ^^^^^^^^^^^^^^^^^^^^^^^^^^^^^^^^
  File "C:\Users\CLienT\Desktop\professor-consultation-scheduler\venv\Lib\site-packages\django\db\backends\sqlite3\base.py", line 360, in execute
    return super().execute(query, params)
           ^^^^^^^^^^^^^^^^^^^^^^^^^^^^^^
django.db.utils.OperationalError: no such column: professor_profiles.cancellation_notice_hours
ERROR 2025-12-03 10:13:11,657 basehttp "GET /professors/ HTTP/1.1" 500 157146
INFO 2025-12-03 10:13:20,764 basehttp "GET / HTTP/1.1" 200 10876
INFO 2025-12-03 10:13:21,758 basehttp "GET / HTTP/1.1" 200 10876
INFO 2025-12-03 10:13:22,615 basehttp "GET /dashboard/ HTTP/1.1" 200 11340
INFO 2025-12-03 10:13:23,507 basehttp "GET /consultations/ HTTP/1.1" 200 6472
ERROR 2025-12-03 10:13:24,640 log Internal Server Error: /professors/
Traceback (most recent call last):
  File "C:\Users\CLienT\Desktop\professor-consultation-scheduler\venv\Lib\site-packages\django\db\backends\utils.py", line 105, in _execute
    return self.cursor.execute(sql, params)
           ^^^^^^^^^^^^^^^^^^^^^^^^^^^^^^^^
  File "C:\Users\CLienT\Desktop\professor-consultation-scheduler\venv\Lib\site-packages\django\db\backends\sqlite3\base.py", line 360, in execute
    return super().execute(query, params)
           ^^^^^^^^^^^^^^^^^^^^^^^^^^^^^^
sqlite3.OperationalError: no such column: professor_profiles.cancellation_notice_hours

The above exception was the direct cause of the following exception:

Traceback (most recent call last):
  File "C:\Users\CLienT\Desktop\professor-consultation-scheduler\venv\Lib\site-packages\django\core\handlers\exception.py", line 55, in inner
    response = get_response(request)
               ^^^^^^^^^^^^^^^^^^^^^
  File "C:\Users\CLienT\Desktop\professor-consultation-scheduler\venv\Lib\site-packages\django\core\handlers\base.py", line 197, in _get_response
    response = wrapped_callback(request, *callback_args, **callback_kwargs)
               ^^^^^^^^^^^^^^^^^^^^^^^^^^^^^^^^^^^^^^^^^^^^^^^^^^^^^^^^^^^^
  File "C:\Users\CLienT\Desktop\professor-consultation-scheduler\prof_consult\apps\accounts\frontend_views.py", line 226, in professors_list
    for professor in professors:
  File "C:\Users\CLienT\Desktop\professor-consultation-scheduler\venv\Lib\site-packages\django\db\models\query.py", line 386, in __iter__
    self._fetch_all()
  File "C:\Users\CLienT\Desktop\professor-consultation-scheduler\venv\Lib\site-packages\django\db\models\query.py", line 1954, in _fetch_all
    self._result_cache = list(self._iterable_class(self))
                         ^^^^^^^^^^^^^^^^^^^^^^^^^^^^^^^^
  File "C:\Users\CLienT\Desktop\professor-consultation-scheduler\venv\Lib\site-packages\django\db\models\query.py", line 93, in __iter__
    results = compiler.execute_sql(
              ^^^^^^^^^^^^^^^^^^^^^
  File "C:\Users\CLienT\Desktop\professor-consultation-scheduler\venv\Lib\site-packages\django\db\models\sql\compiler.py", line 1623, in execute_sql
    cursor.execute(sql, params)
  File "C:\Users\CLienT\Desktop\professor-consultation-scheduler\venv\Lib\site-packages\django\db\backends\utils.py", line 122, in execute
    return super().execute(sql, params)
           ^^^^^^^^^^^^^^^^^^^^^^^^^^^^
  File "C:\Users\CLienT\Desktop\professor-consultation-scheduler\venv\Lib\site-packages\django\db\backends\utils.py", line 79, in execute
    return self._execute_with_wrappers(
           ^^^^^^^^^^^^^^^^^^^^^^^^^^^^
  File "C:\Users\CLienT\Desktop\professor-consultation-scheduler\venv\Lib\site-packages\django\db\backends\utils.py", line 92, in _execute_with_wrappers
    return executor(sql, params, many, context)
           ^^^^^^^^^^^^^^^^^^^^^^^^^^^^^^^^^^^^
  File "C:\Users\CLienT\Desktop\professor-consultation-scheduler\venv\Lib\site-packages\django\db\backends\utils.py", line 100, in _execute
    with self.db.wrap_database_errors:
  File "C:\Users\CLienT\Desktop\professor-consultation-scheduler\venv\Lib\site-packages\django\db\utils.py", line 91, in __exit__
    raise dj_exc_value.with_traceback(traceback) from exc_value
  File "C:\Users\CLienT\Desktop\professor-consultation-scheduler\venv\Lib\site-packages\django\db\backends\utils.py", line 105, in _execute
    return self.cursor.execute(sql, params)
           ^^^^^^^^^^^^^^^^^^^^^^^^^^^^^^^^
  File "C:\Users\CLienT\Desktop\professor-consultation-scheduler\venv\Lib\site-packages\django\db\backends\sqlite3\base.py", line 360, in execute
    return super().execute(query, params)
           ^^^^^^^^^^^^^^^^^^^^^^^^^^^^^^
django.db.utils.OperationalError: no such column: professor_profiles.cancellation_notice_hours
ERROR 2025-12-03 10:13:24,820 basehttp "GET /professors/ HTTP/1.1" 500 157130
INFO 2025-12-03 10:40:26,030 autoreload Watching for file changes with StatReloader
INFO 2025-12-03 10:40:52,318 basehttp "GET / HTTP/1.1" 200 10876
INFO 2025-12-03 10:40:57,922 basehttp "GET /professors/ HTTP/1.1" 200 6456
INFO 2025-12-03 10:41:01,181 basehttp "GET /consultations/ HTTP/1.1" 200 6472
INFO 2025-12-03 10:41:03,177 basehttp "GET /consultations/book/ HTTP/1.1" 200 13329
INFO 2025-12-03 10:42:25,163 autoreload Watching for file changes with StatReloader
INFO 2025-12-03 10:42:27,246 basehttp "GET /consultations/?status=upcoming HTTP/1.1" 200 6472
INFO 2025-12-03 10:42:28,603 basehttp "GET / HTTP/1.1" 200 10876
INFO 2025-12-03 10:42:31,891 basehttp "GET /consultations/ HTTP/1.1" 200 6472
INFO 2025-12-03 10:42:34,192 basehttp "GET /consultations/book/ HTTP/1.1" 200 13329
WARNING 2025-12-03 12:12:11,952 services User professor@example.com does not have Google access token.
ERROR 2025-12-03 12:12:11,952 services Google Calendar service not authenticated.
ERROR 2025-12-03 12:14:00,666 log Internal Server Error: /api/consultations/1/confirm/
Traceback (most recent call last):
  File "C:\Users\CLienT\Desktop\professor-consultation-scheduler\venv\Lib\site-packages\redis\connection.py", line 855, in connect_check_health
    sock = self.retry.call_with_retry(
           ^^^^^^^^^^^^^^^^^^^^^^^^^^^
  File "C:\Users\CLienT\Desktop\professor-consultation-scheduler\venv\Lib\site-packages\redis\retry.py", line 116, in call_with_retry
    return do()
           ^^^^
  File "C:\Users\CLienT\Desktop\professor-consultation-scheduler\venv\Lib\site-packages\redis\connection.py", line 856, in <lambda>
    lambda: self._connect(), lambda error: self.disconnect(error)
            ^^^^^^^^^^^^^^^
  File "C:\Users\CLienT\Desktop\professor-consultation-scheduler\venv\Lib\site-packages\redis\connection.py", line 1306, in _connect
    raise err
  File "C:\Users\CLienT\Desktop\professor-consultation-scheduler\venv\Lib\site-packages\redis\connection.py", line 1290, in _connect
    sock.connect(socket_address)
ConnectionRefusedError: [WinError 10061] No connection could be made because the target machine actively refused it

During handling of the above exception, another exception occurred:

Traceback (most recent call last):
  File "C:\Users\CLienT\Desktop\professor-consultation-scheduler\venv\Lib\site-packages\celery\backends\redis.py", line 127, in reconnect_on_error
    yield
  File "C:\Users\CLienT\Desktop\professor-consultation-scheduler\venv\Lib\site-packages\celery\backends\redis.py", line 177, in _consume_from
    self._pubsub.subscribe(key)
  File "C:\Users\CLienT\Desktop\professor-consultation-scheduler\venv\Lib\site-packages\redis\client.py", line 1090, in subscribe
    ret_val = self.execute_command("SUBSCRIBE", *new_channels.keys())
              ^^^^^^^^^^^^^^^^^^^^^^^^^^^^^^^^^^^^^^^^^^^^^^^^^^^^^^^
  File "C:\Users\CLienT\Desktop\professor-consultation-scheduler\venv\Lib\site-packages\redis\client.py", line 914, in execute_command
    self.connection = self.connection_pool.get_connection()
                      ^^^^^^^^^^^^^^^^^^^^^^^^^^^^^^^^^^^^^
  File "C:\Users\CLienT\Desktop\professor-consultation-scheduler\venv\Lib\site-packages\redis\utils.py", line 196, in wrapper
    return func(*args, **kwargs)
           ^^^^^^^^^^^^^^^^^^^^^
  File "C:\Users\CLienT\Desktop\professor-consultation-scheduler\venv\Lib\site-packages\redis\connection.py", line 2603, in get_connection
    connection.connect()
  File "C:\Users\CLienT\Desktop\professor-consultation-scheduler\venv\Lib\site-packages\redis\connection.py", line 846, in connect
    self.connect_check_health(check_health=True)
  File "C:\Users\CLienT\Desktop\professor-consultation-scheduler\venv\Lib\site-packages\redis\connection.py", line 863, in connect_check_health
    raise ConnectionError(self._error_message(e))
redis.exceptions.ConnectionError: Error 10061 connecting to localhost:6379. No connection could be made because the target machine actively refused it.

During handling of the above exception, another exception occurred:

Traceback (most recent call last):
  File "C:\Users\CLienT\Desktop\professor-consultation-scheduler\venv\Lib\site-packages\redis\connection.py", line 855, in connect_check_health
    sock = self.retry.call_with_retry(
           ^^^^^^^^^^^^^^^^^^^^^^^^^^^
  File "C:\Users\CLienT\Desktop\professor-consultation-scheduler\venv\Lib\site-packages\redis\retry.py", line 116, in call_with_retry
    return do()
           ^^^^
  File "C:\Users\CLienT\Desktop\professor-consultation-scheduler\venv\Lib\site-packages\redis\connection.py", line 856, in <lambda>
    lambda: self._connect(), lambda error: self.disconnect(error)
            ^^^^^^^^^^^^^^^
  File "C:\Users\CLienT\Desktop\professor-consultation-scheduler\venv\Lib\site-packages\redis\connection.py", line 1306, in _connect
    raise err
  File "C:\Users\CLienT\Desktop\professor-consultation-scheduler\venv\Lib\site-packages\redis\connection.py", line 1290, in _connect
    sock.connect(socket_address)
ConnectionRefusedError: [WinError 10061] No connection could be made because the target machine actively refused it

During handling of the above exception, another exception occurred:

Traceback (most recent call last):
  File "C:\Users\CLienT\Desktop\professor-consultation-scheduler\venv\Lib\site-packages\kombu\connection.py", line 472, in _reraise_as_library_errors
    yield
  File "C:\Users\CLienT\Desktop\professor-consultation-scheduler\venv\Lib\site-packages\celery\app\base.py", line 929, in send_task
    self.backend.on_task_call(P, task_id)
  File "C:\Users\CLienT\Desktop\professor-consultation-scheduler\venv\Lib\site-packages\celery\backends\redis.py", line 378, in on_task_call
    self.result_consumer.consume_from(task_id)
  File "C:\Users\CLienT\Desktop\professor-consultation-scheduler\venv\Lib\site-packages\celery\backends\redis.py", line 169, in consume_from
    return self.start(task_id)
           ^^^^^^^^^^^^^^^^^^^
  File "C:\Users\CLienT\Desktop\professor-consultation-scheduler\venv\Lib\site-packages\celery\backends\redis.py", line 147, in start
    self._consume_from(initial_task_id)
  File "C:\Users\CLienT\Desktop\professor-consultation-scheduler\venv\Lib\site-packages\celery\backends\redis.py", line 176, in _consume_from
    with self.reconnect_on_error():
  File "C:\Users\CLienT\AppData\Local\Programs\Python\Python311\Lib\contextlib.py", line 155, in __exit__
    self.gen.throw(typ, value, traceback)
  File "C:\Users\CLienT\Desktop\professor-consultation-scheduler\venv\Lib\site-packages\celery\backends\redis.py", line 130, in reconnect_on_error
    self._ensure(self._reconnect_pubsub, ())
  File "C:\Users\CLienT\Desktop\professor-consultation-scheduler\venv\Lib\site-packages\celery\backends\redis.py", line 389, in ensure
    return retry_over_time(
           ^^^^^^^^^^^^^^^^
  File "C:\Users\CLienT\Desktop\professor-consultation-scheduler\venv\Lib\site-packages\kombu\utils\functional.py", line 318, in retry_over_time
    return fun(*args, **kwargs)
           ^^^^^^^^^^^^^^^^^^^^
  File "C:\Users\CLienT\Desktop\professor-consultation-scheduler\venv\Lib\site-packages\celery\backends\redis.py", line 106, in _reconnect_pubsub
    metas = self.backend.client.mget(self.subscribed_to)
            ^^^^^^^^^^^^^^^^^^^^^^^^^^^^^^^^^^^^^^^^^^^^
  File "C:\Users\CLienT\Desktop\professor-consultation-scheduler\venv\Lib\site-packages\redis\commands\core.py", line 2091, in mget
    return self.execute_command("MGET", *args, **options)
           ^^^^^^^^^^^^^^^^^^^^^^^^^^^^^^^^^^^^^^^^^^^^^^
  File "C:\Users\CLienT\Desktop\professor-consultation-scheduler\venv\Lib\site-packages\redis\client.py", line 657, in execute_command
    return self._execute_command(*args, **options)
           ^^^^^^^^^^^^^^^^^^^^^^^^^^^^^^^^^^^^^^^
  File "C:\Users\CLienT\Desktop\professor-consultation-scheduler\venv\Lib\site-packages\redis\client.py", line 663, in _execute_command
    conn = self.connection or pool.get_connection()
                              ^^^^^^^^^^^^^^^^^^^^^
  File "C:\Users\CLienT\Desktop\professor-consultation-scheduler\venv\Lib\site-packages\redis\utils.py", line 196, in wrapper
    return func(*args, **kwargs)
           ^^^^^^^^^^^^^^^^^^^^^
  File "C:\Users\CLienT\Desktop\professor-consultation-scheduler\venv\Lib\site-packages\redis\connection.py", line 2603, in get_connection
    connection.connect()
  File "C:\Users\CLienT\Desktop\professor-consultation-scheduler\venv\Lib\site-packages\redis\connection.py", line 846, in connect
    self.connect_check_health(check_health=True)
  File "C:\Users\CLienT\Desktop\professor-consultation-scheduler\venv\Lib\site-packages\redis\connection.py", line 863, in connect_check_health
    raise ConnectionError(self._error_message(e))
redis.exceptions.ConnectionError: Error 10061 connecting to localhost:6379. No connection could be made because the target machine actively refused it.

The above exception was the direct cause of the following exception:

Traceback (most recent call last):
  File "C:\Users\CLienT\Desktop\professor-consultation-scheduler\venv\Lib\site-packages\django\core\handlers\exception.py", line 55, in inner
    response = get_response(request)
               ^^^^^^^^^^^^^^^^^^^^^
  File "C:\Users\CLienT\Desktop\professor-consultation-scheduler\venv\Lib\site-packages\django\core\handlers\base.py", line 197, in _get_response
    response = wrapped_callback(request, *callback_args, **callback_kwargs)
               ^^^^^^^^^^^^^^^^^^^^^^^^^^^^^^^^^^^^^^^^^^^^^^^^^^^^^^^^^^^^
  File "C:\Users\CLienT\Desktop\professor-consultation-scheduler\venv\Lib\site-packages\django\views\decorators\csrf.py", line 65, in _view_wrapper
    return view_func(request, *args, **kwargs)
           ^^^^^^^^^^^^^^^^^^^^^^^^^^^^^^^^^^^
  File "C:\Users\CLienT\Desktop\professor-consultation-scheduler\venv\Lib\site-packages\rest_framework\viewsets.py", line 125, in view
    return self.dispatch(request, *args, **kwargs)
           ^^^^^^^^^^^^^^^^^^^^^^^^^^^^^^^^^^^^^^^
  File "C:\Users\CLienT\Desktop\professor-consultation-scheduler\venv\Lib\site-packages\rest_framework\views.py", line 515, in dispatch
    response = self.handle_exception(exc)
               ^^^^^^^^^^^^^^^^^^^^^^^^^^
  File "C:\Users\CLienT\Desktop\professor-consultation-scheduler\venv\Lib\site-packages\rest_framework\views.py", line 475, in handle_exception
    self.raise_uncaught_exception(exc)
  File "C:\Users\CLienT\Desktop\professor-consultation-scheduler\venv\Lib\site-packages\rest_framework\views.py", line 486, in raise_uncaught_exception
    raise exc
  File "C:\Users\CLienT\Desktop\professor-consultation-scheduler\venv\Lib\site-packages\rest_framework\views.py", line 512, in dispatch
    response = handler(request, *args, **kwargs)
               ^^^^^^^^^^^^^^^^^^^^^^^^^^^^^^^^^
  File "C:\Users\CLienT\Desktop\professor-consultation-scheduler\prof_consult\apps\consultations\views.py", line 125, in confirm
    send_booking_confirmed_notification.delay(consultation.id)
  File "C:\Users\CLienT\Desktop\professor-consultation-scheduler\venv\Lib\site-packages\celery\app\task.py", line 444, in delay
    return self.apply_async(args, kwargs)
           ^^^^^^^^^^^^^^^^^^^^^^^^^^^^^^
  File "C:\Users\CLienT\Desktop\professor-consultation-scheduler\venv\Lib\site-packages\celery\app\task.py", line 601, in apply_async
    return app.send_task(
           ^^^^^^^^^^^^^^
  File "C:\Users\CLienT\Desktop\professor-consultation-scheduler\venv\Lib\site-packages\celery\app\base.py", line 927, in send_task
    with P.connection._reraise_as_library_errors():
  File "C:\Users\CLienT\AppData\Local\Programs\Python\Python311\Lib\contextlib.py", line 155, in __exit__
    self.gen.throw(typ, value, traceback)
  File "C:\Users\CLienT\Desktop\professor-consultation-scheduler\venv\Lib\site-packages\kombu\connection.py", line 476, in _reraise_as_library_errors
    raise ConnectionError(str(exc)) from exc
kombu.exceptions.OperationalError: Error 10061 connecting to localhost:6379. No connection could be made because the target machine actively refused it.
INFO 2025-12-05 07:44:02,789 autoreload Watching for file changes with StatReloader
